********************************************************************************
DUPLICATOR-LITE PACKAGE-LOG: June 20, 2020 2:11 pm
NOTICE: Do NOT post to public sites or forums 
********************************************************************************
VERSION:	1.3.34
WORDPRESS:	5.2.7
PHP INFO:	5.6.40 | SAPI: fpm-fcgi
SERVER:		Apache 
PHP TIME LIMIT: (0) no time limit imposed 
PHP MAX MEMORY: 4294967296 (1024M default) 
MEMORY STACK: 113.25MB

********************************************************************************
DATABASE:
********************************************************************************
BUILD MODE:   PHP(query limit - 100)
MYSQLTIMEOUT: 5000
MYSQLDUMP:    Not Supported
TABLES: total:58 | filtered:0 | create:58
FILTERED: []
SQL CREATED: 20200620_zadkculinaryacademy_828a5fe58cd1473d6664_20200620141027_database.sql
SQL FILE SIZE: 73.73MB (77308623)
SQL FILE TIME: 2020-06-20 14:14:41
SQL RUNTIME: 193.20 sec.

********************************************************************************
ARCHIVE (ZIP):
********************************************************************************
ARCHIVE DIR:  /home2/zadkcom2/public_html
ARCHIVE FILE: 20200620_zadkculinaryacademy_828a5fe58cd1473d6664_20200620141027_archive.zip
FILTERS: *OFF*
DIRS:
	not set
FILES:
	not set
EXTS:  not set
----------------------------------------
COMPRESSING
SIZE:	3.42GB
STATS:	Dirs 6,689 | Files 48,668
SQL ADDED: 20200620_zadkculinaryacademy_828a5fe58cd1473d6664_20200620141027_database.sql
Adding /home2/zadkcom2/public_html/wp-signup.php to zip
Adding /home2/zadkcom2/public_html/wp-settings.php to zip
Adding /home2/zadkcom2/public_html/zadk2019/wp-signup.php to zip
Adding /home2/zadkcom2/public_html/zadk2019/wp-config.php to zip
Adding /home2/zadkcom2/public_html/zadk2019/wp-settings.php to zip
Adding /home2/zadkcom2/public_html/zadk2019/wp-cron.php to zip
Adding /home2/zadkcom2/public_html/zadk2019/wp-blog-header.php to zip
Adding /home2/zadkcom2/public_html/zadk2019/wp-content/ai1wm-backups/zadk.com.sa-20191111-091247-439.wpress to zip
Adding /home2/zadkcom2/public_html/zadk2019/wp-content/ai1wm-backups/.htaccess to zip
Adding /home2/zadkcom2/public_html/zadk2019/wp-content/ai1wm-backups/index.php to zip
Adding /home2/zadkcom2/public_html/zadk2019/wp-content/ai1wm-backups/web.config to zip
Adding /home2/zadkcom2/public_html/zadk2019/wp-content/ai1wm-backups/zadk.com.sa-20191111-182742-986.wpress to zip
Adding /home2/zadkcom2/public_html/zadk2019/wp-content/uploads/2018/12/slider5-1.jpg to zip
Adding /home2/zadkcom2/public_html/zadk2019/wp-content/uploads/2018/12/headerimg-150x150.jpg to zip
Adding /home2/zadkcom2/public_html/zadk2019/wp-content/uploads/2018/12/children3-201x201.jpg to zip
Adding /home2/zadkcom2/public_html/zadk2019/wp-content/uploads/2018/12/rio1-200x200.jpg to zip
Adding /home2/zadkcom2/public_html/zadk2019/wp-content/uploads/2018/12/whod-150x150.png to zip
Adding /home2/zadkcom2/public_html/zadk2019/wp-content/uploads/2018/12/enthusiasts-3.jpg to zip
Adding /home2/zadkcom2/public_html/zadk2019/wp-content/uploads/2018/12/studentprog-768x403.jpg to zip
Adding /home2/zadkcom2/public_html/zadk2019/wp-content/uploads/2018/12/booksig2-200x200.jpg to zip
Adding /home2/zadkcom2/public_html/zadk2019/wp-content/uploads/2018/12/logo-66x63.png to zip
Adding /home2/zadkcom2/public_html/zadk2019/wp-content/uploads/2018/12/what-1.png to zip
Adding /home2/zadkcom2/public_html/zadk2019/wp-content/uploads/2018/12/local9-81x63.jpg to zip
Adding /home2/zadkcom2/public_html/zadk2019/wp-content/uploads/2018/12/rio1.jpg to zip
Adding /home2/zadkcom2/public_html/zadk2019/wp-content/uploads/2018/12/mission1-236x300.jpg to zip
Adding /home2/zadkcom2/public_html/zadk2019/wp-content/uploads/2018/12/why-vacational-20x20.png to zip
Adding /home2/zadkcom2/public_html/zadk2019/wp-content/uploads/2018/12/coocking6-95x63.jpg to zip
Adding /home2/zadkcom2/public_html/zadk2019/wp-content/uploads/2018/12/efc2.jpg to zip
Adding /home2/zadkcom2/public_html/zadk2019/wp-content/uploads/2018/12/slider3-2-1024x683.jpg to zip
Adding /home2/zadkcom2/public_html/zadk2019/wp-content/uploads/2018/12/g6-200x200.jpg to zip
Adding /home2/zadkcom2/public_html/zadk2019/wp-content/uploads/2018/12/children1.jpg to zip
Adding /home2/zadkcom2/public_html/zadk2019/wp-content/uploads/2018/12/bg-768x741.jpg to zip
Adding /home2/zadkcom2/public_html/zadk2019/wp-content/uploads/2018/12/ahmed-251x300.jpg to zip
Adding /home2/zadkcom2/public_html/zadk2019/wp-content/uploads/2018/12/cross2.jpg to zip
Adding /home2/zadkcom2/public_html/zadk2019/wp-content/uploads/2018/12/badr-252x252.jpg to zip
Adding /home2/zadkcom2/public_html/zadk2019/wp-content/uploads/2018/12/mohammad.jpg to zip
Adding /home2/zadkcom2/public_html/zadk2019/wp-content/uploads/2018/12/partner01.png to zip
Adding /home2/zadkcom2/public_html/zadk2019/wp-content/uploads/2018/12/why-vision.png to zip
Adding /home2/zadkcom2/public_html/zadk2019/wp-content/uploads/2018/12/children2-150x150.jpg to zip
Adding /home2/zadkcom2/public_html/zadk2019/wp-content/uploads/2018/12/booksigning-300x136.jpg to zip
Adding /home2/zadkcom2/public_html/zadk2019/wp-content/uploads/2018/12/booksign3-150x150.jpg to zip
Adding /home2/zadkcom2/public_html/zadk2019/wp-content/uploads/2018/12/local8-72x63.jpg to zip
Adding /home2/zadkcom2/public_html/zadk2019/wp-content/uploads/2018/12/1a-Homepage-pic-1-20x14.jpg to zip
Adding /home2/zadkcom2/public_html/zadk2019/wp-content/uploads/2018/12/local1.jpg to zip
Adding /home2/zadkcom2/public_html/zadk2019/wp-content/uploads/2018/12/founder-designation-150x148.png to zip
Adding /home2/zadkcom2/public_html/zadk2019/wp-content/uploads/2018/12/g1-300x200.jpg to zip
Adding /home2/zadkcom2/public_html/zadk2019/wp-content/uploads/2018/12/local8-150x150.jpg to zip
Adding /home2/zadkcom2/public_html/zadk2019/wp-content/uploads/2018/12/dignity1-300x226.jpg to zip
Adding /home2/zadkcom2/public_html/zadk2019/wp-content/uploads/2018/12/cross1-84x63.jpg to zip
Adding /home2/zadkcom2/public_html/zadk2019/wp-content/uploads/2018/12/0waste-1024x541.jpg to zip
Adding /home2/zadkcom2/public_html/zadk2019/wp-content/uploads/2018/12/g-new1.jpg to zip
Adding /home2/zadkcom2/public_html/zadk2019/wp-content/uploads/2018/12/local1-300x200.jpg to zip
Adding /home2/zadkcom2/public_html/zadk2019/wp-content/uploads/2018/12/mission.jpg to zip
Adding /home2/zadkcom2/public_html/zadk2019/wp-content/uploads/2018/12/dignity2-84x63.jpg to zip
Adding /home2/zadkcom2/public_html/zadk2019/wp-content/uploads/2018/12/vision2030-112x59.jpg to zip
Adding /home2/zadkcom2/public_html/zadk2019/wp-content/uploads/2018/12/g-new1-112x40.jpg to zip
Adding /home2/zadkcom2/public_html/zadk2019/wp-content/uploads/2018/12/children3-300x201.jpg to zip
Adding /home2/zadkcom2/public_html/zadk2019/wp-content/uploads/2018/12/philnathropy-112x57.jpg to zip
Adding /home2/zadkcom2/public_html/zadk2019/wp-content/uploads/2018/12/local3-330x330.jpg to zip
Adding /home2/zadkcom2/public_html/zadk2019/wp-content/uploads/2018/12/booksigning-1024x466.jpg to zip
Adding /home2/zadkcom2/public_html/zadk2019/wp-content/uploads/2018/12/when1-112x40.png to zip
Adding /home2/zadkcom2/public_html/zadk2019/wp-content/uploads/2018/12/headerimg-1-1024x541.jpg to zip
Adding /home2/zadkcom2/public_html/zadk2019/wp-content/uploads/2018/12/othercourses-2-1024x626.jpg to zip
Adding /home2/zadkcom2/public_html/zadk2019/wp-content/uploads/2018/12/rio6-104x63.jpg to zip
Adding /home2/zadkcom2/public_html/zadk2019/wp-content/uploads/2018/12/program-header.jpg to zip
Adding /home2/zadkcom2/public_html/zadk2019/wp-content/uploads/2018/12/register-1024x518.jpg to zip
Adding /home2/zadkcom2/public_html/zadk2019/wp-content/uploads/2018/12/rania-moualla-1024x541.jpg to zip
Adding /home2/zadkcom2/public_html/zadk2019/wp-content/uploads/2018/12/rio2-150x150.jpg to zip
Adding /home2/zadkcom2/public_html/zadk2019/wp-content/uploads/2018/12/g7.jpg to zip
Adding /home2/zadkcom2/public_html/zadk2019/wp-content/uploads/2018/12/local7-83x63.jpg to zip
Adding /home2/zadkcom2/public_html/zadk2019/wp-content/uploads/2018/12/local8-435x435.jpg to zip
Adding /home2/zadkcom2/public_html/zadk2019/wp-content/uploads/2018/12/othercourses-1-1024x610.jpg to zip
Adding /home2/zadkcom2/public_html/zadk2019/wp-content/uploads/2018/12/othercourses1.jpg to zip
Adding /home2/zadkcom2/public_html/zadk2019/wp-content/uploads/2018/12/who1-93x63.png to zip
Adding /home2/zadkcom2/public_html/zadk2019/wp-content/uploads/2018/12/dignity3-300x300.jpg to zip
Adding /home2/zadkcom2/public_html/zadk2019/wp-content/uploads/2018/12/dignity4-150x150.jpg to zip
Adding /home2/zadkcom2/public_html/zadk2019/wp-content/uploads/2018/12/why-productive.png to zip
Adding /home2/zadkcom2/public_html/zadk2019/wp-content/uploads/2018/12/g2-94x63.jpg to zip
Adding /home2/zadkcom2/public_html/zadk2019/wp-content/uploads/2018/12/dignity4-84x63.jpg to zip
Adding /home2/zadkcom2/public_html/zadk2019/wp-content/uploads/2018/12/dignity2-150x150.jpg to zip
Adding /home2/zadkcom2/public_html/zadk2019/wp-content/uploads/2018/12/sponsor04-150x67.png to zip
Adding /home2/zadkcom2/public_html/zadk2019/wp-content/uploads/2018/12/sponsor02-20x6.png to zip
Adding /home2/zadkcom2/public_html/zadk2019/wp-content/uploads/2018/12/local1-95x63.jpg to zip
Adding /home2/zadkcom2/public_html/zadk2019/wp-content/uploads/2018/12/homepage-3-150x150.jpg to zip
Adding /home2/zadkcom2/public_html/zadk2019/wp-content/uploads/2018/12/boardmember-300x159.jpg to zip
Adding /home2/zadkcom2/public_html/zadk2019/wp-content/uploads/2018/12/enthusiasts-3-95x63.jpg to zip
Adding /home2/zadkcom2/public_html/zadk2019/wp-content/uploads/2018/12/where.png to zip
Adding /home2/zadkcom2/public_html/zadk2019/wp-content/uploads/2018/12/logo-150x150.png to zip
Adding /home2/zadkcom2/public_html/zadk2019/wp-content/uploads/2018/12/header1-768x389.jpg to zip
Adding /home2/zadkcom2/public_html/zadk2019/wp-content/uploads/2018/12/1a-Homepage-pic-1-1024x717.jpg to zip
Adding /home2/zadkcom2/public_html/zadk2019/wp-content/uploads/2018/12/founder-name.png to zip
Adding /home2/zadkcom2/public_html/zadk2019/wp-content/uploads/2018/12/gardners3-200x200.jpg to zip
Adding /home2/zadkcom2/public_html/zadk2019/wp-content/uploads/2018/12/2b-About-US-pic-2-1024x683.jpg to zip
Adding /home2/zadkcom2/public_html/zadk2019/wp-content/uploads/2018/12/enthusiasts-1-150x150.jpg to zip
Adding /home2/zadkcom2/public_html/zadk2019/wp-content/uploads/2018/12/dignity4-226x226.jpg to zip
Adding /home2/zadkcom2/public_html/zadk2019/wp-content/uploads/2018/12/who-2-1024x155.png to zip
Adding /home2/zadkcom2/public_html/zadk2019/wp-content/uploads/2018/12/slider-new05.jpg to zip
Adding /home2/zadkcom2/public_html/zadk2019/wp-content/uploads/2018/12/cross2-300x226.jpg to zip
Adding /home2/zadkcom2/public_html/zadk2019/wp-content/uploads/2018/12/why-vision-white-92x63.png to zip
Adding /home2/zadkcom2/public_html/zadk2019/wp-content/uploads/2018/12/dignity2-226x226.jpg to zip
Adding /home2/zadkcom2/public_html/zadk2019/wp-content/uploads/2018/12/sponsor01-150x67.png to zip
Adding /home2/zadkcom2/public_html/zadk2019/wp-content/uploads/2018/12/0waste-150x150.jpg to zip
Adding /home2/zadkcom2/public_html/zadk2019/wp-content/uploads/2018/12/mohammad-59x63.jpg to zip
Adding /home2/zadkcom2/public_html/zadk2019/wp-content/uploads/2018/12/philnathropy-150x150.jpg to zip
Adding /home2/zadkcom2/public_html/zadk2019/wp-content/uploads/2018/12/how-150x150.png to zip
Adding /home2/zadkcom2/public_html/zadk2019/wp-content/uploads/2018/12/local8.jpg to zip
Adding /home2/zadkcom2/public_html/zadk2019/wp-content/uploads/2018/12/where-20x8.png to zip
Adding /home2/zadkcom2/public_html/zadk2019/wp-content/uploads/2018/12/studentprog-300x158.jpg to zip
Adding /home2/zadkcom2/public_html/zadk2019/wp-content/uploads/2018/12/whyb-150x121.png to zip
Adding /home2/zadkcom2/public_html/zadk2019/wp-content/uploads/2018/12/homepage-04-300x200.jpg to zip
Adding /home2/zadkcom2/public_html/zadk2019/wp-content/uploads/2018/12/founder-name-150x150.png to zip
Adding /home2/zadkcom2/public_html/zadk2019/wp-content/uploads/2018/12/enthusiasts-2-95x63.jpg to zip
Adding /home2/zadkcom2/public_html/zadk2019/wp-content/uploads/2018/12/children2-20x13.jpg to zip
Adding /home2/zadkcom2/public_html/zadk2019/wp-content/uploads/2018/12/map3-84x63.png to zip
Adding /home2/zadkcom2/public_html/zadk2019/wp-content/uploads/2018/12/mission-50x63.jpg to zip
Adding /home2/zadkcom2/public_html/zadk2019/wp-content/uploads/2018/12/headerimg-1-112x59.jpg to zip
Adding /home2/zadkcom2/public_html/zadk2019/wp-content/uploads/2018/12/why-consti1.png to zip
Adding /home2/zadkcom2/public_html/zadk2019/wp-content/uploads/2018/12/local4.jpg to zip
Adding /home2/zadkcom2/public_html/zadk2019/wp-content/uploads/2018/12/homepage-03a.jpg to zip
Adding /home2/zadkcom2/public_html/zadk2019/wp-content/uploads/2018/12/local3-20x13.jpg to zip
Adding /home2/zadkcom2/public_html/zadk2019/wp-content/uploads/2018/12/gardners3-300x200.jpg to zip
Adding /home2/zadkcom2/public_html/zadk2019/wp-content/uploads/2018/12/enthusiasts-3-300x200.jpg to zip
Adding /home2/zadkcom2/public_html/zadk2019/wp-content/uploads/2018/12/local7-228x228.jpg to zip
Adding /home2/zadkcom2/public_html/zadk2019/wp-content/uploads/2018/12/rania.jpg to zip
Adding /home2/zadkcom2/public_html/zadk2019/wp-content/uploads/2018/12/rio6-150x150.jpg to zip
Adding /home2/zadkcom2/public_html/zadk2019/wp-content/uploads/2018/12/ceo1-300x155.jpg to zip
Adding /home2/zadkcom2/public_html/zadk2019/wp-content/uploads/2018/12/local7-380x380.jpg to zip
Adding /home2/zadkcom2/public_html/zadk2019/wp-content/uploads/2018/12/local2-20x13.jpg to zip
Adding /home2/zadkcom2/public_html/zadk2019/wp-content/uploads/2018/12/bg-1024x987.jpg to zip
Adding /home2/zadkcom2/public_html/zadk2019/wp-content/uploads/2018/12/othercourses-2-300x183.jpg to zip
Adding /home2/zadkcom2/public_html/zadk2019/wp-content/uploads/2018/12/gardners3.jpg to zip
Adding /home2/zadkcom2/public_html/zadk2019/wp-content/uploads/2018/12/g2.jpg to zip
Adding /home2/zadkcom2/public_html/zadk2019/wp-content/uploads/2018/12/noura-53x63.jpg to zip
Adding /home2/zadkcom2/public_html/zadk2019/wp-content/uploads/2018/12/intiative-header.jpg to zip
Adding /home2/zadkcom2/public_html/zadk2019/wp-content/uploads/2018/12/slider3-3-300x200.jpg to zip
Adding /home2/zadkcom2/public_html/zadk2019/wp-content/uploads/2018/12/rio6.jpg to zip
Adding /home2/zadkcom2/public_html/zadk2019/wp-content/uploads/2018/12/homepage-05-300x200.jpg to zip
Adding /home2/zadkcom2/public_html/zadk2019/wp-content/uploads/2018/12/who-150x150.png to zip
Adding /home2/zadkcom2/public_html/zadk2019/wp-content/uploads/2018/12/slider-new02-768x512.jpg to zip
Adding /home2/zadkcom2/public_html/zadk2019/wp-content/uploads/2018/12/homepage-3-95x63.jpg to zip
Adding /home2/zadkcom2/public_html/zadk2019/wp-content/uploads/2018/12/efc-225x225.jpg to zip
Adding /home2/zadkcom2/public_html/zadk2019/wp-content/uploads/2018/12/local-1024x541.jpg to zip
Adding /home2/zadkcom2/public_html/zadk2019/wp-content/uploads/2018/12/contact-768x389.jpg to zip
Adding /home2/zadkcom2/public_html/zadk2019/wp-content/uploads/2018/12/homepage-21.jpg to zip
Adding /home2/zadkcom2/public_html/zadk2019/wp-content/uploads/2018/12/g1-94x63.jpg to zip
Adding /home2/zadkcom2/public_html/zadk2019/wp-content/uploads/2018/12/partner03-103x63.png to zip
Adding /home2/zadkcom2/public_html/zadk2019/wp-content/uploads/2018/12/whoc-112x49.png to zip
Adding /home2/zadkcom2/public_html/zadk2019/wp-content/uploads/2018/12/studentprog-1024x538.jpg to zip
Adding /home2/zadkcom2/public_html/zadk2019/wp-content/uploads/2018/12/homepage-21-768x512.jpg to zip
Adding /home2/zadkcom2/public_html/zadk2019/wp-content/uploads/2018/12/noura-253x300.jpg to zip
Adding /home2/zadkcom2/public_html/zadk2019/wp-content/uploads/2018/12/rania-108x63.jpg to zip
Adding /home2/zadkcom2/public_html/zadk2019/wp-content/uploads/2018/12/g5-200x200.jpg to zip
Adding /home2/zadkcom2/public_html/zadk2019/wp-content/uploads/2018/12/ahmed.jpg to zip
Adding /home2/zadkcom2/public_html/zadk2019/wp-content/uploads/2018/12/gardners4.jpg to zip
Adding /home2/zadkcom2/public_html/zadk2019/wp-content/uploads/2018/12/when1-300x107.png to zip
Adding /home2/zadkcom2/public_html/zadk2019/wp-content/uploads/2018/12/cooking-4-150x150.jpg to zip
Adding /home2/zadkcom2/public_html/zadk2019/wp-content/uploads/2018/12/contact-150x150.jpg to zip
Adding /home2/zadkcom2/public_html/zadk2019/wp-content/uploads/2018/12/rio5-150x150.jpg to zip
Adding /home2/zadkcom2/public_html/zadk2019/wp-content/uploads/2018/12/why-consti1-20x20.png to zip
Adding /home2/zadkcom2/public_html/zadk2019/wp-content/uploads/2018/12/cross5-300x226.jpg to zip
Adding /home2/zadkcom2/public_html/zadk2019/wp-content/uploads/2018/12/cooking-2-150x150.jpg to zip
Adding /home2/zadkcom2/public_html/zadk2019/wp-content/uploads/2018/12/whyb-112x39.png to zip
Adding /home2/zadkcom2/public_html/zadk2019/wp-content/uploads/2018/12/sponsor04-20x6.png to zip
Adding /home2/zadkcom2/public_html/zadk2019/wp-content/uploads/2018/12/mission1-50x63.jpg to zip
Adding /home2/zadkcom2/public_html/zadk2019/wp-content/uploads/2018/12/partner02-150x145.png to zip
Adding /home2/zadkcom2/public_html/zadk2019/wp-content/uploads/2018/12/header1-150x150.jpg to zip
Adding /home2/zadkcom2/public_html/zadk2019/wp-content/uploads/2018/12/why-vacational-64x63.png to zip
Adding /home2/zadkcom2/public_html/zadk2019/wp-content/uploads/2018/12/homepage-3-1024x683.jpg to zip
Adding /home2/zadkcom2/public_html/zadk2019/wp-content/uploads/2018/12/othercourses1-150x150.jpg to zip
Adding /home2/zadkcom2/public_html/zadk2019/wp-content/uploads/2018/12/children3-94x63.jpg to zip
Adding /home2/zadkcom2/public_html/zadk2019/wp-content/uploads/2018/12/philnathropy-768x389.jpg to zip
Adding /home2/zadkcom2/public_html/zadk2019/wp-content/uploads/2018/12/slider-new05-1024x683.jpg to zip
Adding /home2/zadkcom2/public_html/zadk2019/wp-content/uploads/2018/12/who-2-768x117.png to zip
Adding /home2/zadkcom2/public_html/zadk2019/wp-content/uploads/2018/12/rio1-57x63.jpg to zip
Adding /home2/zadkcom2/public_html/zadk2019/wp-content/uploads/2018/12/coocking6-1024x683.jpg to zip
Adding /home2/zadkcom2/public_html/zadk2019/wp-content/uploads/2018/12/cross3.jpg to zip
Adding /home2/zadkcom2/public_html/zadk2019/wp-content/uploads/2018/12/ceo1-1.jpg to zip
Adding /home2/zadkcom2/public_html/zadk2019/wp-content/uploads/2018/12/greentree.jpg to zip
Adding /home2/zadkcom2/public_html/zadk2019/wp-content/uploads/2018/12/gardners-new-768x266.jpg to zip
Adding /home2/zadkcom2/public_html/zadk2019/wp-content/uploads/2018/12/slider-new04-1024x683.jpg to zip
Adding /home2/zadkcom2/public_html/zadk2019/wp-content/uploads/2018/12/g7-200x200.jpg to zip
Adding /home2/zadkcom2/public_html/zadk2019/wp-content/uploads/2018/12/whata-300x105.png to zip
Adding /home2/zadkcom2/public_html/zadk2019/wp-content/uploads/2018/12/why-consti1-67x63.png to zip
Adding /home2/zadkcom2/public_html/zadk2019/wp-content/uploads/2018/12/partner02-103x63.png to zip
Adding /home2/zadkcom2/public_html/zadk2019/wp-content/uploads/2018/12/0waste-300x159.jpg to zip
Adding /home2/zadkcom2/public_html/zadk2019/wp-content/uploads/2018/12/what3-20x18.png to zip
Adding /home2/zadkcom2/public_html/zadk2019/wp-content/uploads/2018/12/bg-300x289.jpg to zip
Adding /home2/zadkcom2/public_html/zadk2019/wp-content/uploads/2018/12/slider-new04-95x63.jpg to zip
Adding /home2/zadkcom2/public_html/zadk2019/wp-content/uploads/2018/12/othercourses-150x150.jpg to zip
Adding /home2/zadkcom2/public_html/zadk2019/wp-content/uploads/2018/12/g4-300x200.jpg to zip
Adding /home2/zadkcom2/public_html/zadk2019/wp-content/uploads/2018/12/ahmed-17x20.jpg to zip
Adding /home2/zadkcom2/public_html/zadk2019/wp-content/uploads/2018/12/mission1-16x20.jpg to zip
Adding /home2/zadkcom2/public_html/zadk2019/wp-content/uploads/2018/12/vision2030b-112x59.jpg to zip
Adding /home2/zadkcom2/public_html/zadk2019/wp-content/uploads/2018/12/badr-252x300.jpg to zip
Adding /home2/zadkcom2/public_html/zadk2019/wp-content/uploads/2018/12/whyb-20x7.png to zip
Adding /home2/zadkcom2/public_html/zadk2019/wp-content/uploads/2018/12/founder-name-112x32.png to zip
Adding /home2/zadkcom2/public_html/zadk2019/wp-content/uploads/2018/12/whata-150x121.png to zip
Adding /home2/zadkcom2/public_html/zadk2019/wp-content/uploads/2018/12/why-productive-150x150.png to zip
Adding /home2/zadkcom2/public_html/zadk2019/wp-content/uploads/2018/12/map-96x63.png to zip
Adding /home2/zadkcom2/public_html/zadk2019/wp-content/uploads/2018/12/slider-new05-768x512.jpg to zip
Adding /home2/zadkcom2/public_html/zadk2019/wp-content/uploads/2018/12/booksigning-112x51.jpg to zip
Adding /home2/zadkcom2/public_html/zadk2019/wp-content/uploads/2018/12/program-header-1-300x152.jpg to zip
Adding /home2/zadkcom2/public_html/zadk2019/wp-content/uploads/2018/12/headerimg-768x406.jpg to zip
Adding /home2/zadkcom2/public_html/zadk2019/wp-content/uploads/2018/12/rio1-273x273.jpg to zip
Adding /home2/zadkcom2/public_html/zadk2019/wp-content/uploads/2018/12/slider-new04-300x200.jpg to zip
Adding /home2/zadkcom2/public_html/zadk2019/wp-content/uploads/2018/12/boardmember-768x406.jpg to zip
Adding /home2/zadkcom2/public_html/zadk2019/wp-content/uploads/2018/12/register-768x389.jpg to zip
Adding /home2/zadkcom2/public_html/zadk2019/wp-content/uploads/2018/12/vision2030a-768x404.jpg to zip
Adding /home2/zadkcom2/public_html/zadk2019/wp-content/uploads/2018/12/slider3-3-1024x683.jpg to zip
Adding /home2/zadkcom2/public_html/zadk2019/wp-content/uploads/2018/12/philnathropy-300x152.jpg to zip
Adding /home2/zadkcom2/public_html/zadk2019/wp-content/uploads/2018/12/dignity1-150x150.jpg to zip
Adding /home2/zadkcom2/public_html/zadk2019/wp-content/uploads/2018/12/who0-300x161.png to zip
Adding /home2/zadkcom2/public_html/zadk2019/wp-content/uploads/2018/12/slider-new04-768x512.jpg to zip
Adding /home2/zadkcom2/public_html/zadk2019/wp-content/uploads/2018/12/g6-300x200.jpg to zip
Adding /home2/zadkcom2/public_html/zadk2019/wp-content/uploads/2018/12/greentree-20x13.jpg to zip
Adding /home2/zadkcom2/public_html/zadk2019/wp-content/uploads/2018/12/enthusiasts-2-300x200.jpg to zip
Adding /home2/zadkcom2/public_html/zadk2019/wp-content/uploads/2018/12/cooking-2-768x449.jpg to zip
Adding /home2/zadkcom2/public_html/zadk2019/wp-content/uploads/2018/12/badr-150x150.jpg to zip
Adding /home2/zadkcom2/public_html/zadk2019/wp-content/uploads/2018/12/efc2-200x200.jpg to zip
Adding /home2/zadkcom2/public_html/zadk2019/wp-content/uploads/2018/12/enthusiasts-1-300x203.jpg to zip
Adding /home2/zadkcom2/public_html/zadk2019/wp-content/uploads/2018/12/slider-new02-300x200.jpg to zip
Adding /home2/zadkcom2/public_html/zadk2019/wp-content/uploads/2018/12/local9-20x16.jpg to zip
Adding /home2/zadkcom2/public_html/zadk2019/wp-content/uploads/2018/12/g3-150x150.jpg to zip
Adding /home2/zadkcom2/public_html/zadk2019/wp-content/uploads/2018/12/header-partner-150x150.jpg to zip
Adding /home2/zadkcom2/public_html/zadk2019/wp-content/uploads/2018/12/studentprog-20x11.jpg to zip
Adding /home2/zadkcom2/public_html/zadk2019/wp-content/uploads/2018/12/why-vision-90x63.png to zip
Adding /home2/zadkcom2/public_html/zadk2019/wp-content/uploads/2018/12/rio7-261x261.jpg to zip
Adding /home2/zadkcom2/public_html/zadk2019/wp-content/uploads/2018/12/homepage-04-768x512.jpg to zip
Adding /home2/zadkcom2/public_html/zadk2019/wp-content/uploads/2018/12/othercourses-1-300x179.jpg to zip
Adding /home2/zadkcom2/public_html/zadk2019/wp-content/uploads/2018/12/enthusiasts-1.jpg to zip
Adding /home2/zadkcom2/public_html/zadk2019/wp-content/uploads/2018/12/booksigning.jpg to zip
Adding /home2/zadkcom2/public_html/zadk2019/wp-content/uploads/2018/12/local10-20x20.jpg to zip
Adding /home2/zadkcom2/public_html/zadk2019/wp-content/uploads/2018/12/cross1-150x150.jpg to zip
Adding /home2/zadkcom2/public_html/zadk2019/wp-content/uploads/2018/12/local-150x150.jpg to zip
Adding /home2/zadkcom2/public_html/zadk2019/wp-content/uploads/2018/12/mission2-768x406.jpg to zip
Adding /home2/zadkcom2/public_html/zadk2019/wp-content/uploads/2018/12/coocking-7-300x200.jpg to zip
Adding /home2/zadkcom2/public_html/zadk2019/wp-content/uploads/2018/12/boardmember-1024x541.jpg to zip
Adding /home2/zadkcom2/public_html/zadk2019/wp-content/uploads/2018/12/local4-20x14.jpg to zip
Adding /home2/zadkcom2/public_html/zadk2019/wp-content/uploads/2018/12/local9-391x391.jpg to zip
Adding /home2/zadkcom2/public_html/zadk2019/wp-content/uploads/2018/12/g1-200x200.jpg to zip
Adding /home2/zadkcom2/public_html/zadk2019/wp-content/uploads/2018/12/homepage-03a-768x512.jpg to zip
Adding /home2/zadkcom2/public_html/zadk2019/wp-content/uploads/2018/12/vision2030a-1024x539.jpg to zip
Adding /home2/zadkcom2/public_html/zadk2019/wp-content/uploads/2018/12/sponsor03-150x67.png to zip
Adding /home2/zadkcom2/public_html/zadk2019/wp-content/uploads/2018/12/rio1-273x300.jpg to zip
Adding /home2/zadkcom2/public_html/zadk2019/wp-content/uploads/2018/12/gardners1-768x266.jpg to zip
Adding /home2/zadkcom2/public_html/zadk2019/wp-content/uploads/2018/12/homepage-21-1024x683.jpg to zip
Adding /home2/zadkcom2/public_html/zadk2019/wp-content/uploads/2018/12/whoc-300x130.png to zip
Adding /home2/zadkcom2/public_html/zadk2019/wp-content/uploads/2018/12/local4-300x215.jpg to zip
Adding /home2/zadkcom2/public_html/zadk2019/wp-content/uploads/2018/12/partner03-20x12.png to zip
Adding /home2/zadkcom2/public_html/zadk2019/wp-content/uploads/2018/12/founder-designation-300x60.png to zip
Adding /home2/zadkcom2/public_html/zadk2019/wp-content/uploads/2018/12/dignity3.jpg to zip
Adding /home2/zadkcom2/public_html/zadk2019/wp-content/uploads/2018/12/vision2030a-112x59.jpg to zip
Adding /home2/zadkcom2/public_html/zadk2019/wp-content/uploads/2018/12/efc3-150x150.jpg to zip
Adding /home2/zadkcom2/public_html/zadk2019/wp-content/uploads/2018/12/whod-300x141.png to zip
Adding /home2/zadkcom2/public_html/zadk2019/wp-content/uploads/2018/12/homepage-05-1-768x512.jpg to zip
Adding /home2/zadkcom2/public_html/zadk2019/wp-content/uploads/2018/12/othercourses1-103x63.jpg to zip
Adding /home2/zadkcom2/public_html/zadk2019/wp-content/uploads/2018/12/header-1024x518.jpg to zip
Adding /home2/zadkcom2/public_html/zadk2019/wp-content/uploads/2018/12/cross3-150x150.jpg to zip
Adding /home2/zadkcom2/public_html/zadk2019/wp-content/uploads/2018/12/othercourses.jpg to zip
Adding /home2/zadkcom2/public_html/zadk2019/wp-content/uploads/2018/12/local2-300x202.jpg to zip
Adding /home2/zadkcom2/public_html/zadk2019/wp-content/uploads/2018/12/local3-300x198.jpg to zip
Adding /home2/zadkcom2/public_html/zadk2019/wp-content/uploads/2018/12/rio-header-768x307.jpg to zip
Adding /home2/zadkcom2/public_html/zadk2019/wp-content/uploads/2018/12/local8-20x17.jpg to zip
Adding /home2/zadkcom2/public_html/zadk2019/wp-content/uploads/2018/12/how-20x9.png to zip
Adding /home2/zadkcom2/public_html/zadk2019/wp-content/uploads/2018/12/homepage-04-95x63.jpg to zip
Adding /home2/zadkcom2/public_html/zadk2019/wp-content/uploads/2018/12/rania-moualla.jpg to zip
Adding /home2/zadkcom2/public_html/zadk2019/wp-content/uploads/2018/12/ceo1-150x150.jpg to zip
Adding /home2/zadkcom2/public_html/zadk2019/wp-content/uploads/2018/12/g6.jpg to zip
Adding /home2/zadkcom2/public_html/zadk2019/wp-content/uploads/2018/12/philanthropy-1-150x150.jpg to zip
Adding /home2/zadkcom2/public_html/zadk2019/wp-content/uploads/2018/12/enthusiasts-2-150x150.jpg to zip
Adding /home2/zadkcom2/public_html/zadk2019/wp-content/uploads/2018/12/g5.jpg to zip
Adding /home2/zadkcom2/public_html/zadk2019/wp-content/uploads/2018/12/mission1-150x150.jpg to zip
Adding /home2/zadkcom2/public_html/zadk2019/wp-content/uploads/2018/12/map3.png to zip
Adding /home2/zadkcom2/public_html/zadk2019/wp-content/uploads/2018/12/g1.jpg to zip
Adding /home2/zadkcom2/public_html/zadk2019/wp-content/uploads/2018/12/cooking-3-108x63.jpg to zip
Adding /home2/zadkcom2/public_html/zadk2019/wp-content/uploads/2018/12/ceo-1024x683.jpg to zip
Adding /home2/zadkcom2/public_html/zadk2019/wp-content/uploads/2018/12/header1.jpg to zip
Adding /home2/zadkcom2/public_html/zadk2019/wp-content/uploads/2018/12/program-header-1.jpg to zip
Adding /home2/zadkcom2/public_html/zadk2019/wp-content/uploads/2018/12/who-2-150x150.png to zip
Adding /home2/zadkcom2/public_html/zadk2019/wp-content/uploads/2018/12/who0.png to zip
Adding /home2/zadkcom2/public_html/zadk2019/wp-content/uploads/2018/12/who3.png to zip
Adding /home2/zadkcom2/public_html/zadk2019/wp-content/uploads/2018/12/whyb-300x105.png to zip
Adding /home2/zadkcom2/public_html/zadk2019/wp-content/uploads/2018/12/rio6-300x300.jpg to zip
Adding /home2/zadkcom2/public_html/zadk2019/wp-content/uploads/2018/12/slider-new02-1024x683.jpg to zip
Adding /home2/zadkcom2/public_html/zadk2019/wp-content/uploads/2018/12/gardners1-150x150.jpg to zip
Adding /home2/zadkcom2/public_html/zadk2019/wp-content/uploads/2018/12/homepage-03a-1024x683.jpg to zip
Adding /home2/zadkcom2/public_html/zadk2019/wp-content/uploads/2018/12/slider3-2-95x63.jpg to zip
Adding /home2/zadkcom2/public_html/zadk2019/wp-content/uploads/2018/12/rio5.jpg to zip
Adding /home2/zadkcom2/public_html/zadk2019/wp-content/uploads/2018/12/gardners4-94x63.jpg to zip
Adding /home2/zadkcom2/public_html/zadk2019/wp-content/uploads/2018/12/ahmed-150x150.jpg to zip
Adding /home2/zadkcom2/public_html/zadk2019/wp-content/uploads/2018/12/enthusiasts-3-150x150.jpg to zip
Adding /home2/zadkcom2/public_html/zadk2019/wp-content/uploads/2018/12/booksig2-95x63.jpg to zip
Adding /home2/zadkcom2/public_html/zadk2019/wp-content/uploads/2018/12/header-300x152.jpg to zip
Adding /home2/zadkcom2/public_html/zadk2019/wp-content/uploads/2018/12/rio3-220x220.jpg to zip
Adding /home2/zadkcom2/public_html/zadk2019/wp-content/uploads/2018/12/homepage-05-95x63.jpg to zip
Adding /home2/zadkcom2/public_html/zadk2019/wp-content/uploads/2018/12/contact-300x152.jpg to zip
Adding /home2/zadkcom2/public_html/zadk2019/wp-content/uploads/2018/12/0waste-768x406.jpg to zip
Adding /home2/zadkcom2/public_html/zadk2019/wp-content/uploads/2018/12/homepage-05-1-95x63.jpg to zip
Adding /home2/zadkcom2/public_html/zadk2019/wp-content/uploads/2018/12/localsource-final.jpg to zip
Adding /home2/zadkcom2/public_html/zadk2019/wp-content/uploads/2018/12/who-2-112x17.png to zip
Adding /home2/zadkcom2/public_html/zadk2019/wp-content/uploads/2018/12/local5-80x63.jpg to zip
Adding /home2/zadkcom2/public_html/zadk2019/wp-content/uploads/2018/12/local1-333x333.jpg to zip
Adding /home2/zadkcom2/public_html/zadk2019/wp-content/uploads/2018/12/philnathropy.jpg to zip
Adding /home2/zadkcom2/public_html/zadk2019/wp-content/uploads/2018/12/rio6-200x200.jpg to zip
Adding /home2/zadkcom2/public_html/zadk2019/wp-content/uploads/2018/12/gardner2-150x150.jpg to zip
Adding /home2/zadkcom2/public_html/zadk2019/wp-content/uploads/2018/12/children3.jpg to zip
Adding /home2/zadkcom2/public_html/zadk2019/wp-content/uploads/2018/12/header-150x150.jpg to zip
Adding /home2/zadkcom2/public_html/zadk2019/wp-content/uploads/2018/12/gardners-new-300x104.jpg to zip
Adding /home2/zadkcom2/public_html/zadk2019/wp-content/uploads/2018/12/cross4-226x226.jpg to zip
Adding /home2/zadkcom2/public_html/zadk2019/wp-content/uploads/2018/12/why-productive-64x63.png to zip
Adding /home2/zadkcom2/public_html/zadk2019/wp-content/uploads/2018/12/partner01-150x145.png to zip
Adding /home2/zadkcom2/public_html/zadk2019/wp-content/uploads/2018/12/mission2-112x59.jpg to zip
Adding /home2/zadkcom2/public_html/zadk2019/wp-content/uploads/2018/12/gardner5-200x200.jpg to zip
Adding /home2/zadkcom2/public_html/zadk2019/wp-content/uploads/2018/12/gardners-new-112x39.jpg to zip
Adding /home2/zadkcom2/public_html/zadk2019/wp-content/uploads/2018/12/what2-59x63.png to zip
Adding /home2/zadkcom2/public_html/zadk2019/wp-content/uploads/2018/12/badr-17x20.jpg to zip
Adding /home2/zadkcom2/public_html/zadk2019/wp-content/uploads/2018/12/slider3-3-768x512.jpg to zip
Adding /home2/zadkcom2/public_html/zadk2019/wp-content/uploads/2018/12/whatb-112x39.png to zip
Adding /home2/zadkcom2/public_html/zadk2019/wp-content/uploads/2018/12/local-112x59.jpg to zip
Adding /home2/zadkcom2/public_html/zadk2019/wp-content/uploads/2018/12/headerimg-1-768x406.jpg to zip
Adding /home2/zadkcom2/public_html/zadk2019/wp-content/uploads/2018/12/vision2030.jpg to zip
Adding /home2/zadkcom2/public_html/zadk2019/wp-content/uploads/2018/12/cross2-84x63.jpg to zip
Adding /home2/zadkcom2/public_html/zadk2019/wp-content/uploads/2018/12/g4-200x200.jpg to zip
Adding /home2/zadkcom2/public_html/zadk2019/wp-content/uploads/2018/12/why-vision-white.png to zip
Adding /home2/zadkcom2/public_html/zadk2019/wp-content/uploads/2018/12/rania-300x175.jpg to zip
Adding /home2/zadkcom2/public_html/zadk2019/wp-content/uploads/2018/12/dignity3-300x226.jpg to zip
Adding /home2/zadkcom2/public_html/zadk2019/wp-content/uploads/2018/12/vision2030a.jpg to zip
Adding /home2/zadkcom2/public_html/zadk2019/wp-content/uploads/2018/12/who-2-300x46.png to zip
Adding /home2/zadkcom2/public_html/zadk2019/wp-content/uploads/2018/12/vision2030b-768x404.jpg to zip
Adding /home2/zadkcom2/public_html/zadk2019/wp-content/uploads/2018/12/children2-300x200.jpg to zip
Adding /home2/zadkcom2/public_html/zadk2019/wp-content/uploads/2018/12/slider-new01-150x150.jpg to zip
Adding /home2/zadkcom2/public_html/zadk2019/wp-content/uploads/2018/12/slider3-3.jpg to zip
Adding /home2/zadkcom2/public_html/zadk2019/wp-content/uploads/2018/12/cooking-1.jpg to zip
Adding /home2/zadkcom2/public_html/zadk2019/wp-content/uploads/2018/12/why-healthy-150x150.png to zip
Adding /home2/zadkcom2/public_html/zadk2019/wp-content/uploads/2018/12/cross4-84x63.jpg to zip
Adding /home2/zadkcom2/public_html/zadk2019/wp-content/uploads/2018/12/greentree-101x63.jpg to zip
Adding /home2/zadkcom2/public_html/zadk2019/wp-content/uploads/2018/12/slider-new01-768x512.jpg to zip
Adding /home2/zadkcom2/public_html/zadk2019/wp-content/uploads/2018/12/intiative-header-1024x541.jpg to zip
Adding /home2/zadkcom2/public_html/zadk2019/wp-content/uploads/2018/12/philanthropy-1-300x152.jpg to zip
Adding /home2/zadkcom2/public_html/zadk2019/wp-content/uploads/2018/12/local4-358x358.jpg to zip
Adding /home2/zadkcom2/public_html/zadk2019/wp-content/uploads/2018/12/gardners4-150x150.jpg to zip
Adding /home2/zadkcom2/public_html/zadk2019/wp-content/uploads/2018/12/mission2.jpg to zip
Adding /home2/zadkcom2/public_html/zadk2019/wp-content/uploads/2018/12/noura.jpg to zip
Adding /home2/zadkcom2/public_html/zadk2019/wp-content/uploads/2018/12/local2-150x150.jpg to zip
Adding /home2/zadkcom2/public_html/zadk2019/wp-content/uploads/2018/12/enthusiasts-3-20x13.jpg to zip
Adding /home2/zadkcom2/public_html/zadk2019/wp-content/uploads/2018/12/rania-150x150.jpg to zip
Adding /home2/zadkcom2/public_html/zadk2019/wp-content/uploads/2018/12/cooking-2-300x175.jpg to zip
Adding /home2/zadkcom2/public_html/zadk2019/wp-content/uploads/2018/12/gardners1.jpg to zip
Adding /home2/zadkcom2/public_html/zadk2019/wp-content/uploads/2018/12/coocking-7-95x63.jpg to zip
Adding /home2/zadkcom2/public_html/zadk2019/wp-content/uploads/2018/12/othercourses-768x469.jpg to zip
Adding /home2/zadkcom2/public_html/zadk2019/wp-content/uploads/2018/12/where-150x150.png to zip
Adding /home2/zadkcom2/public_html/zadk2019/wp-content/uploads/2018/12/homepage-03a-20x13.jpg to zip
Adding /home2/zadkcom2/public_html/zadk2019/wp-content/uploads/2018/12/dignity2-300x226.jpg to zip
Adding /home2/zadkcom2/public_html/zadk2019/wp-content/uploads/2018/12/noura-253x253.jpg to zip
Adding /home2/zadkcom2/public_html/zadk2019/wp-content/uploads/2018/12/cooking-2-1024x599.jpg to zip
Adding /home2/zadkcom2/public_html/zadk2019/wp-content/uploads/2018/12/rania-moualla-300x159.jpg to zip
Adding /home2/zadkcom2/public_html/zadk2019/wp-content/uploads/2018/12/local7-300x228.jpg to zip
Adding /home2/zadkcom2/public_html/zadk2019/wp-content/uploads/2018/12/header1-300x152.jpg to zip
Adding /home2/zadkcom2/public_html/zadk2019/wp-content/uploads/2018/12/homepage-05-1-300x200.jpg to zip
Adding /home2/zadkcom2/public_html/zadk2019/wp-content/uploads/2018/12/whyb.png to zip
Adding /home2/zadkcom2/public_html/zadk2019/wp-content/uploads/2018/12/children2.jpg to zip
Adding /home2/zadkcom2/public_html/zadk2019/wp-content/uploads/2018/12/local-300x159.jpg to zip
Adding /home2/zadkcom2/public_html/zadk2019/wp-content/uploads/2018/12/what-1-300x90.png to zip
Adding /home2/zadkcom2/public_html/zadk2019/wp-content/uploads/2018/12/homepage-05-1-150x150.jpg to zip
Adding /home2/zadkcom2/public_html/zadk2019/wp-content/uploads/2018/12/who1.png to zip
Adding /home2/zadkcom2/public_html/zadk2019/wp-content/uploads/2018/12/rania-1024x598.jpg to zip
Adding /home2/zadkcom2/public_html/zadk2019/wp-content/uploads/2018/12/local9.jpg to zip
Adding /home2/zadkcom2/public_html/zadk2019/wp-content/uploads/2018/12/slider5-1-300x200.jpg to zip
Adding /home2/zadkcom2/public_html/zadk2019/wp-content/uploads/2018/12/philanthropy-1-768x389.jpg to zip
Adding /home2/zadkcom2/public_html/zadk2019/wp-content/uploads/2018/12/where-112x45.png to zip
Adding /home2/zadkcom2/public_html/zadk2019/wp-content/uploads/2018/12/booksig2-300x200.jpg to zip
Adding /home2/zadkcom2/public_html/zadk2019/wp-content/uploads/2018/12/booksig1-95x63.jpg to zip
Adding /home2/zadkcom2/public_html/zadk2019/wp-content/uploads/2018/12/homepage-3.jpg to zip
Adding /home2/zadkcom2/public_html/zadk2019/wp-content/uploads/2018/12/enthusiasts-2-200x200.jpg to zip
Adding /home2/zadkcom2/public_html/zadk2019/wp-content/uploads/2018/12/program-header-1-112x57.jpg to zip
Adding /home2/zadkcom2/public_html/zadk2019/wp-content/uploads/2018/12/g2-200x200.jpg to zip
Adding /home2/zadkcom2/public_html/zadk2019/wp-content/uploads/2018/12/rio-header-300x120.jpg to zip
Adding /home2/zadkcom2/public_html/zadk2019/wp-content/uploads/2018/12/slider3-2-300x200.jpg to zip
Adding /home2/zadkcom2/public_html/zadk2019/wp-content/uploads/2018/12/register-300x152.jpg to zip
Adding /home2/zadkcom2/public_html/zadk2019/wp-content/uploads/2018/12/sponsor02-112x35.png to zip
Adding /home2/zadkcom2/public_html/zadk2019/wp-content/uploads/2018/12/homepage-21-20x13.jpg to zip
Adding /home2/zadkcom2/public_html/zadk2019/wp-content/uploads/2018/12/favicon.png to zip
Adding /home2/zadkcom2/public_html/zadk2019/wp-content/uploads/2018/12/othercourses-2-150x150.jpg to zip
Adding /home2/zadkcom2/public_html/zadk2019/wp-content/uploads/2018/12/cross1-300x226.jpg to zip
Adding /home2/zadkcom2/public_html/zadk2019/wp-content/uploads/2018/12/homepage-03a-95x63.jpg to zip
Adding /home2/zadkcom2/public_html/zadk2019/wp-content/uploads/2018/12/slider-new01-1024x683.jpg to zip
Adding /home2/zadkcom2/public_html/zadk2019/wp-content/uploads/2018/12/slider-new04.jpg to zip
Adding /home2/zadkcom2/public_html/zadk2019/wp-content/uploads/2018/12/coocking6-768x512.jpg to zip
Adding /home2/zadkcom2/public_html/zadk2019/wp-content/uploads/2018/12/cooking-1-768x449.jpg to zip
Adding /home2/zadkcom2/public_html/zadk2019/wp-content/uploads/2018/12/program-header-150x150.jpg to zip
Adding /home2/zadkcom2/public_html/zadk2019/wp-content/uploads/2018/12/intiative-header-112x59.jpg to zip
Adding /home2/zadkcom2/public_html/zadk2019/wp-content/uploads/2018/12/0waste-112x59.jpg to zip
Adding /home2/zadkcom2/public_html/zadk2019/wp-content/uploads/2018/12/dignity3-84x63.jpg to zip
Adding /home2/zadkcom2/public_html/zadk2019/wp-content/uploads/2018/12/mission-150x150.jpg to zip
Adding /home2/zadkcom2/public_html/zadk2019/wp-content/uploads/2018/12/how-300x141.png to zip
Adding /home2/zadkcom2/public_html/zadk2019/wp-content/uploads/2018/12/othercourses1-20x12.jpg to zip
Adding /home2/zadkcom2/public_html/zadk2019/wp-content/uploads/2018/12/philnathropy-1024x518.jpg to zip
Adding /home2/zadkcom2/public_html/zadk2019/wp-content/uploads/2018/12/coocking-7-150x150.jpg to zip
Adding /home2/zadkcom2/public_html/zadk2019/wp-content/uploads/2018/12/intiative-header-300x159.jpg to zip
Adding /home2/zadkcom2/public_html/zadk2019/wp-content/uploads/2018/12/boardmember.jpg to zip
Adding /home2/zadkcom2/public_html/zadk2019/wp-content/uploads/2018/12/ceo1-768x397.jpg to zip
Adding /home2/zadkcom2/public_html/zadk2019/wp-content/uploads/2018/12/gardners4-300x200.jpg to zip
Adding /home2/zadkcom2/public_html/zadk2019/wp-content/uploads/2018/12/localsource-final-300x152.jpg to zip
Adding /home2/zadkcom2/public_html/zadk2019/wp-content/uploads/2018/12/homepage-05-768x512.jpg to zip
Adding /home2/zadkcom2/public_html/zadk2019/wp-content/uploads/2018/12/booksign3-95x63.jpg to zip
Adding /home2/zadkcom2/public_html/zadk2019/wp-content/uploads/2018/12/rio7-300x300.jpg to zip
Adding /home2/zadkcom2/public_html/zadk2019/wp-content/uploads/2018/12/g7-300x200.jpg to zip
Adding /home2/zadkcom2/public_html/zadk2019/wp-content/uploads/2018/12/g3-200x200.jpg to zip
Adding /home2/zadkcom2/public_html/zadk2019/wp-content/uploads/2018/12/slider-new03-768x512.jpg to zip
Adding /home2/zadkcom2/public_html/zadk2019/wp-content/uploads/2018/12/cross3-84x63.jpg to zip
Adding /home2/zadkcom2/public_html/zadk2019/wp-content/uploads/2018/12/local6-150x150.jpg to zip
Adding /home2/zadkcom2/public_html/zadk2019/wp-content/uploads/2018/12/coocking6-300x200.jpg to zip
Adding /home2/zadkcom2/public_html/zadk2019/wp-content/uploads/2018/12/vision2030-150x150.jpg to zip
Adding /home2/zadkcom2/public_html/zadk2019/wp-content/uploads/2018/12/slider-new01.jpg to zip
Adding /home2/zadkcom2/public_html/zadk2019/wp-content/uploads/2018/12/enthusiasts-2-20x13.jpg to zip
Adding /home2/zadkcom2/public_html/zadk2019/wp-content/uploads/2018/12/local10.jpg to zip
Adding /home2/zadkcom2/public_html/zadk2019/wp-content/uploads/2018/12/local7-150x150.jpg to zip
Adding /home2/zadkcom2/public_html/zadk2019/wp-content/uploads/2018/12/vision2030-1024x539.jpg to zip
Adding /home2/zadkcom2/public_html/zadk2019/wp-content/uploads/2018/12/localsource-final-768x389.jpg to zip
Adding /home2/zadkcom2/public_html/zadk2019/wp-content/uploads/2018/12/cooking-1-300x175.jpg to zip
Adding /home2/zadkcom2/public_html/zadk2019/wp-content/uploads/2018/12/rio7-150x150.jpg to zip
Adding /home2/zadkcom2/public_html/zadk2019/wp-content/uploads/2018/12/1a-Homepage-pic-1.jpg to zip
Adding /home2/zadkcom2/public_html/zadk2019/wp-content/uploads/2018/12/philanthropy-1-112x57.jpg to zip
Adding /home2/zadkcom2/public_html/zadk2019/wp-content/uploads/2018/12/gardner2-200x200.jpg to zip
Adding /home2/zadkcom2/public_html/zadk2019/wp-content/uploads/2018/12/mohammad-20x20.jpg to zip
Adding /home2/zadkcom2/public_html/zadk2019/wp-content/uploads/2018/12/homepage-04-1024x683.jpg to zip
Adding /home2/zadkcom2/public_html/zadk2019/wp-content/uploads/2018/12/who1-150x150.png to zip
Adding /home2/zadkcom2/public_html/zadk2019/wp-content/uploads/2018/12/what-1-112x34.png to zip
Adding /home2/zadkcom2/public_html/zadk2019/wp-content/uploads/2018/12/ivan-1-276x300.jpg to zip
Adding /home2/zadkcom2/public_html/zadk2019/wp-content/uploads/2018/12/why-vacational.png to zip
Adding /home2/zadkcom2/public_html/zadk2019/wp-content/uploads/2018/12/gardners3-94x63.jpg to zip
Adding /home2/zadkcom2/public_html/zadk2019/wp-content/uploads/2018/12/slider-new05-150x150.jpg to zip
Adding /home2/zadkcom2/public_html/zadk2019/wp-content/uploads/2018/12/rio7-200x200.jpg to zip
Adding /home2/zadkcom2/public_html/zadk2019/wp-content/uploads/2018/12/booksig1.jpg to zip
Adding /home2/zadkcom2/public_html/zadk2019/wp-content/uploads/2018/12/rio7-55x63.jpg to zip
Adding /home2/zadkcom2/public_html/zadk2019/wp-content/uploads/2018/12/local5-392x392.jpg to zip
Adding /home2/zadkcom2/public_html/zadk2019/wp-content/uploads/2018/12/othercourses1-1024x626.jpg to zip
Adding /home2/zadkcom2/public_html/zadk2019/wp-content/uploads/2018/12/bg-150x150.jpg to zip
Adding /home2/zadkcom2/public_html/zadk2019/wp-content/uploads/2018/12/dignity3-226x226.jpg to zip
Adding /home2/zadkcom2/public_html/zadk2019/wp-content/uploads/2018/12/cross1.jpg to zip
Adding /home2/zadkcom2/public_html/zadk2019/wp-content/uploads/2018/12/g2-150x150.jpg to zip
Adding /home2/zadkcom2/public_html/zadk2019/wp-content/uploads/2018/12/partner03.png to zip
Adding /home2/zadkcom2/public_html/zadk2019/wp-content/uploads/2018/12/booksign3.jpg to zip
Adding /home2/zadkcom2/public_html/zadk2019/wp-content/uploads/2018/12/rio6-300x181.jpg to zip
Adding /home2/zadkcom2/public_html/zadk2019/wp-content/uploads/2018/12/who0-150x150.png to zip
Adding /home2/zadkcom2/public_html/zadk2019/wp-content/uploads/2018/12/local1-150x150.jpg to zip
Adding /home2/zadkcom2/public_html/zadk2019/wp-content/uploads/2018/12/bg.jpg to zip
Adding /home2/zadkcom2/public_html/zadk2019/wp-content/uploads/2018/12/whatb-20x7.png to zip
Adding /home2/zadkcom2/public_html/zadk2019/wp-content/uploads/2018/12/ceo-768x513.jpg to zip
Adding /home2/zadkcom2/public_html/zadk2019/wp-content/uploads/2018/12/headerimg-1-300x159.jpg to zip
Adding /home2/zadkcom2/public_html/zadk2019/wp-content/uploads/2018/12/othercourses-1.jpg to zip
Adding /home2/zadkcom2/public_html/zadk2019/wp-content/uploads/2018/12/whata-112x39.png to zip
Adding /home2/zadkcom2/public_html/zadk2019/wp-content/uploads/2018/12/slider3-2.jpg to zip
Adding /home2/zadkcom2/public_html/zadk2019/wp-content/uploads/2018/12/program-header-1-150x150.jpg to zip
Adding /home2/zadkcom2/public_html/zadk2019/wp-content/uploads/2018/12/local-768x406.jpg to zip
Adding /home2/zadkcom2/public_html/zadk2019/wp-content/uploads/2018/12/gardners1-300x104.jpg to zip
Adding /home2/zadkcom2/public_html/zadk2019/wp-content/uploads/2018/12/partner02-20x12.png to zip
Adding /home2/zadkcom2/public_html/zadk2019/wp-content/uploads/2018/12/local2-94x63.jpg to zip
Adding /home2/zadkcom2/public_html/zadk2019/wp-content/uploads/2018/12/local9-235x235.jpg to zip
Adding /home2/zadkcom2/public_html/zadk2019/wp-content/uploads/2018/12/rio3-86x63.jpg to zip
Adding /home2/zadkcom2/public_html/zadk2019/wp-content/uploads/2018/12/where-300x120.png to zip
Adding /home2/zadkcom2/public_html/zadk2019/wp-content/uploads/2018/12/program-header-1-768x389.jpg to zip
Adding /home2/zadkcom2/public_html/zadk2019/wp-content/uploads/2018/12/sponsor03-20x6.png to zip
Adding /home2/zadkcom2/public_html/zadk2019/wp-content/uploads/2018/12/gardners1-112x39.jpg to zip
Adding /home2/zadkcom2/public_html/zadk2019/wp-content/uploads/2018/12/children1-200x200.jpg to zip
Adding /home2/zadkcom2/public_html/zadk2019/wp-content/uploads/2018/12/homepage-04-150x150.jpg to zip
Adding /home2/zadkcom2/public_html/zadk2019/wp-content/uploads/2018/12/dignity4-300x226.jpg to zip
Adding /home2/zadkcom2/public_html/zadk2019/wp-content/uploads/2018/12/cooking-4-1024x599.jpg to zip
Adding /home2/zadkcom2/public_html/zadk2019/wp-content/uploads/2018/12/children2-95x63.jpg to zip
Adding /home2/zadkcom2/public_html/zadk2019/wp-content/uploads/2018/12/gardners-new-150x150.jpg to zip
Adding /home2/zadkcom2/public_html/zadk2019/wp-content/uploads/2018/12/bg-65x63.jpg to zip
Adding /home2/zadkcom2/public_html/zadk2019/wp-content/uploads/2018/12/g5-94x63.jpg to zip
Adding /home2/zadkcom2/public_html/zadk2019/wp-content/uploads/2018/12/intiative-header-768x406.jpg to zip
Adding /home2/zadkcom2/public_html/zadk2019/wp-content/uploads/2018/12/founder-designation.png to zip
Adding /home2/zadkcom2/public_html/zadk2019/wp-content/uploads/2018/12/boardmember-150x150.jpg to zip
Adding /home2/zadkcom2/public_html/zadk2019/wp-content/uploads/2018/12/what-1-150x150.png to zip
Adding /home2/zadkcom2/public_html/zadk2019/wp-content/uploads/2018/12/cross4-150x150.jpg to zip
Adding /home2/zadkcom2/public_html/zadk2019/wp-content/uploads/2018/12/cooking-2.jpg to zip
Adding /home2/zadkcom2/public_html/zadk2019/wp-content/uploads/2018/12/greentree-150x150.jpg to zip
Adding /home2/zadkcom2/public_html/zadk2019/wp-content/uploads/2018/12/slider-new04-150x150.jpg to zip
Adding /home2/zadkcom2/public_html/zadk2019/wp-content/uploads/2018/12/slider5-1-768x512.jpg to zip
Adding /home2/zadkcom2/public_html/zadk2019/wp-content/uploads/2018/12/whoc-150x139.png to zip
Adding /home2/zadkcom2/public_html/zadk2019/wp-content/uploads/2018/12/headerimg-300x159.jpg to zip
Adding /home2/zadkcom2/public_html/zadk2019/wp-content/uploads/2018/12/1a-Homepage-pic-1-150x150.jpg to zip
Adding /home2/zadkcom2/public_html/zadk2019/wp-content/uploads/2018/12/rio5-84x63.jpg to zip
Adding /home2/zadkcom2/public_html/zadk2019/wp-content/uploads/2018/12/ivan-52x63.jpg to zip
Adding /home2/zadkcom2/public_html/zadk2019/wp-content/uploads/2018/12/ceo1-1-768x397.jpg to zip
Adding /home2/zadkcom2/public_html/zadk2019/wp-content/uploads/2018/12/sponsor03-112x35.png to zip
Adding /home2/zadkcom2/public_html/zadk2019/wp-content/uploads/2018/12/map3-150x150.png to zip
Adding /home2/zadkcom2/public_html/zadk2019/wp-content/uploads/2018/12/cross5-84x63.jpg to zip
Adding /home2/zadkcom2/public_html/zadk2019/wp-content/uploads/2018/12/boardmember-112x59.jpg to zip
Adding /home2/zadkcom2/public_html/zadk2019/wp-content/uploads/2018/12/studentprog-150x150.jpg to zip
Adding /home2/zadkcom2/public_html/zadk2019/wp-content/uploads/2018/12/cross2-150x150.jpg to zip
Adding /home2/zadkcom2/public_html/zadk2019/wp-content/uploads/2018/12/slider-new01-95x63.jpg to zip
Adding /home2/zadkcom2/public_html/zadk2019/wp-content/uploads/2018/12/dignity1-84x63.jpg to zip
Adding /home2/zadkcom2/public_html/zadk2019/wp-content/uploads/2018/12/coocking6-150x150.jpg to zip
Adding /home2/zadkcom2/public_html/zadk2019/wp-content/uploads/2018/12/whata.png to zip
Adding /home2/zadkcom2/public_html/zadk2019/wp-content/uploads/2018/12/whatb-150x121.png to zip
Adding /home2/zadkcom2/public_html/zadk2019/wp-content/uploads/2018/12/children3-20x13.jpg to zip
Adding /home2/zadkcom2/public_html/zadk2019/wp-content/uploads/2018/12/how-112x53.png to zip
Adding /home2/zadkcom2/public_html/zadk2019/wp-content/uploads/2018/12/cooking-3.jpg to zip
Adding /home2/zadkcom2/public_html/zadk2019/wp-content/uploads/2018/12/map-150x150.png to zip
Adding /home2/zadkcom2/public_html/zadk2019/wp-content/uploads/2018/12/partner01-20x12.png to zip
Adding /home2/zadkcom2/public_html/zadk2019/wp-content/uploads/2018/12/slider3-3-20x13.jpg to zip
Adding /home2/zadkcom2/public_html/zadk2019/wp-content/uploads/2018/12/partner02.png to zip
Adding /home2/zadkcom2/public_html/zadk2019/wp-content/uploads/2018/12/header-768x389.jpg to zip
Adding /home2/zadkcom2/public_html/zadk2019/wp-content/uploads/2018/12/founder-designation-112x22.png to zip
Adding /home2/zadkcom2/public_html/zadk2019/wp-content/uploads/2018/12/whoc.png to zip
Adding /home2/zadkcom2/public_html/zadk2019/wp-content/uploads/2018/12/slider-new01-300x200.jpg to zip
Adding /home2/zadkcom2/public_html/zadk2019/wp-content/uploads/2018/12/slider-new03.jpg to zip
Adding /home2/zadkcom2/public_html/zadk2019/wp-content/uploads/2018/12/gardners4-200x200.jpg to zip
Adding /home2/zadkcom2/public_html/zadk2019/wp-content/uploads/2018/12/othercourses-1024x626.jpg to zip
Adding /home2/zadkcom2/public_html/zadk2019/wp-content/uploads/2018/12/sponsor01-20x6.png to zip
Adding /home2/zadkcom2/public_html/zadk2019/wp-content/uploads/2018/12/ceo1-1-1024x530.jpg to zip
Adding /home2/zadkcom2/public_html/zadk2019/wp-content/uploads/2018/12/logo-20x20.png to zip
Adding /home2/zadkcom2/public_html/zadk2019/wp-content/uploads/2018/12/contact-112x57.jpg to zip
Adding /home2/zadkcom2/public_html/zadk2019/wp-content/uploads/2018/12/mission2-1024x541.jpg to zip
Adding /home2/zadkcom2/public_html/zadk2019/wp-content/uploads/2018/12/mission2-300x159.jpg to zip
Adding /home2/zadkcom2/public_html/zadk2019/wp-content/uploads/2018/12/whod-112x53.png to zip
Adding /home2/zadkcom2/public_html/zadk2019/wp-content/uploads/2018/12/rio3-300x300.jpg to zip
Adding /home2/zadkcom2/public_html/zadk2019/wp-content/uploads/2018/12/gardner2.jpg to zip
Adding /home2/zadkcom2/public_html/zadk2019/wp-content/uploads/2018/12/homepage-21-95x63.jpg to zip
Adding /home2/zadkcom2/public_html/zadk2019/wp-content/uploads/2018/12/when1-150x131.png to zip
Adding /home2/zadkcom2/public_html/zadk2019/wp-content/uploads/2018/12/g-new1-300x106.jpg to zip
Adding /home2/zadkcom2/public_html/zadk2019/wp-content/uploads/2018/12/what1-64x63.png to zip
Adding /home2/zadkcom2/public_html/zadk2019/wp-content/uploads/2018/12/othercourses-1-768x458.jpg to zip
Adding /home2/zadkcom2/public_html/zadk2019/wp-content/uploads/2018/12/local10-63x63.jpg to zip
Adding /home2/zadkcom2/public_html/zadk2019/wp-content/uploads/2018/12/who2-150x150.png to zip
Adding /home2/zadkcom2/public_html/zadk2019/wp-content/uploads/2018/12/efc2-94x63.jpg to zip
Adding /home2/zadkcom2/public_html/zadk2019/wp-content/uploads/2018/12/cross3-226x226.jpg to zip
Adding /home2/zadkcom2/public_html/zadk2019/wp-content/uploads/2018/12/dignity1-226x226.jpg to zip
Adding /home2/zadkcom2/public_html/zadk2019/wp-content/uploads/2018/12/why-vision-white-150x130.png to zip
Adding /home2/zadkcom2/public_html/zadk2019/wp-content/uploads/2018/12/program-header-300x152.jpg to zip
Adding /home2/zadkcom2/public_html/zadk2019/wp-content/uploads/2018/12/who2-93x63.png to zip
Adding /home2/zadkcom2/public_html/zadk2019/wp-content/uploads/2018/12/noaf-53x63.jpg to zip
Adding /home2/zadkcom2/public_html/zadk2019/wp-content/uploads/2018/12/what-1-1024x308.png to zip
Adding /home2/zadkcom2/public_html/zadk2019/wp-content/uploads/2018/12/founder-name-300x86.png to zip
Adding /home2/zadkcom2/public_html/zadk2019/wp-content/uploads/2018/12/efc3-94x63.jpg to zip
Adding /home2/zadkcom2/public_html/zadk2019/wp-content/uploads/2018/12/why-productive-20x20.png to zip
Adding /home2/zadkcom2/public_html/zadk2019/wp-content/uploads/2018/12/why-vacational-150x150.png to zip
Adding /home2/zadkcom2/public_html/zadk2019/wp-content/uploads/2018/12/vision2030b-1024x539.jpg to zip
Adding /home2/zadkcom2/public_html/zadk2019/wp-content/uploads/2018/12/dignity3-150x150.jpg to zip
Adding /home2/zadkcom2/public_html/zadk2019/wp-content/uploads/2018/12/local7-20x15.jpg to zip
Adding /home2/zadkcom2/public_html/zadk2019/wp-content/uploads/2018/12/local5-20x16.jpg to zip
Adding /home2/zadkcom2/public_html/zadk2019/wp-content/uploads/2018/12/what-1-768x231.png to zip
Adding /home2/zadkcom2/public_html/zadk2019/wp-content/uploads/2018/12/rania-moualla-112x59.jpg to zip
Adding /home2/zadkcom2/public_html/zadk2019/wp-content/uploads/2018/12/local3-150x150.jpg to zip
Adding /home2/zadkcom2/public_html/zadk2019/wp-content/uploads/2018/12/what1.png to zip
Adding /home2/zadkcom2/public_html/zadk2019/wp-content/uploads/2018/12/booksign3-300x200.jpg to zip
Adding /home2/zadkcom2/public_html/zadk2019/wp-content/uploads/2018/12/othercourses-2-768x469.jpg to zip
Adding /home2/zadkcom2/public_html/zadk2019/wp-content/uploads/2018/12/homepage-05.jpg to zip
Adding /home2/zadkcom2/public_html/zadk2019/wp-content/uploads/2018/12/register-150x150.jpg to zip
Adding /home2/zadkcom2/public_html/zadk2019/wp-content/uploads/2018/12/othercourses-2.jpg to zip
Adding /home2/zadkcom2/public_html/zadk2019/wp-content/uploads/2018/12/whatb-300x105.png to zip
Adding /home2/zadkcom2/public_html/zadk2019/wp-content/uploads/2018/12/slider-new03-1024x683.jpg to zip
Adding /home2/zadkcom2/public_html/zadk2019/wp-content/uploads/2018/12/local1-20x13.jpg to zip
Adding /home2/zadkcom2/public_html/zadk2019/wp-content/uploads/2018/12/othercourses-300x183.jpg to zip
Adding /home2/zadkcom2/public_html/zadk2019/wp-content/uploads/2018/12/local4-150x150.jpg to zip
Adding /home2/zadkcom2/public_html/zadk2019/wp-content/uploads/2018/12/header-partner-1024x518.jpg to zip
Adding /home2/zadkcom2/public_html/zadk2019/wp-content/uploads/2018/12/who3-150x150.png to zip
Adding /home2/zadkcom2/public_html/zadk2019/wp-content/uploads/2018/12/rio5-300x224.jpg to zip
Adding /home2/zadkcom2/public_html/zadk2019/wp-content/uploads/2018/12/local6-95x63.jpg to zip
Adding /home2/zadkcom2/public_html/zadk2019/wp-content/uploads/2018/12/headerimg-1-150x150.jpg to zip
Adding /home2/zadkcom2/public_html/zadk2019/wp-content/uploads/2018/12/cross5-150x150.jpg to zip
Adding /home2/zadkcom2/public_html/zadk2019/wp-content/uploads/2018/12/booksig1-300x200.jpg to zip
Adding /home2/zadkcom2/public_html/zadk2019/wp-content/uploads/2018/12/slider-new03-150x150.jpg to zip
Adding /home2/zadkcom2/public_html/zadk2019/wp-content/uploads/2018/12/noaf.jpg to zip
Adding /home2/zadkcom2/public_html/zadk2019/wp-content/uploads/2018/12/rio3.jpg to zip
Adding /home2/zadkcom2/public_html/zadk2019/wp-content/uploads/2018/12/local5-300x235.jpg to zip
Adding /home2/zadkcom2/public_html/zadk2019/wp-content/uploads/2018/12/cross5.jpg to zip
Adding /home2/zadkcom2/public_html/zadk2019/wp-content/uploads/2018/12/enthusiasts-3-200x200.jpg to zip
Adding /home2/zadkcom2/public_html/zadk2019/wp-content/uploads/2018/12/local3.jpg to zip
Adding /home2/zadkcom2/public_html/zadk2019/wp-content/uploads/2018/12/rio-header-112x45.jpg to zip
Adding /home2/zadkcom2/public_html/zadk2019/wp-content/uploads/2018/12/booksig1-150x150.jpg to zip
Adding /home2/zadkcom2/public_html/zadk2019/wp-content/uploads/2018/12/rio7.jpg to zip
Adding /home2/zadkcom2/public_html/zadk2019/wp-content/uploads/2018/12/cooking-2-108x63.jpg to zip
Adding /home2/zadkcom2/public_html/zadk2019/wp-content/uploads/2018/12/rio2.jpg to zip
Adding /home2/zadkcom2/public_html/zadk2019/wp-content/uploads/2018/12/how.png to zip
Adding /home2/zadkcom2/public_html/zadk2019/wp-content/uploads/2018/12/g3-300x200.jpg to zip
Adding /home2/zadkcom2/public_html/zadk2019/wp-content/uploads/2018/12/slider3-3-95x63.jpg to zip
Adding /home2/zadkcom2/public_html/zadk2019/wp-content/uploads/2018/12/whatb.png to zip
Adding /home2/zadkcom2/public_html/zadk2019/wp-content/uploads/2018/12/who0-112x60.png to zip
Adding /home2/zadkcom2/public_html/zadk2019/wp-content/uploads/2018/12/ceo1-1-112x58.jpg to zip
Adding /home2/zadkcom2/public_html/zadk2019/wp-content/uploads/2018/12/g3-94x63.jpg to zip
Adding /home2/zadkcom2/public_html/zadk2019/wp-content/uploads/2018/12/sponsor03.png to zip
Adding /home2/zadkcom2/public_html/zadk2019/wp-content/uploads/2018/12/who-300x161.png to zip
Adding /home2/zadkcom2/public_html/zadk2019/wp-content/uploads/2018/12/vision2030-768x404.jpg to zip
Adding /home2/zadkcom2/public_html/zadk2019/wp-content/uploads/2018/12/register.jpg to zip
Adding /home2/zadkcom2/public_html/zadk2019/wp-content/uploads/2018/12/children2-200x200.jpg to zip
Adding /home2/zadkcom2/public_html/zadk2019/wp-content/uploads/2018/12/cooking-1-108x63.jpg to zip
Adding /home2/zadkcom2/public_html/zadk2019/wp-content/uploads/2018/12/homepage-3-768x512.jpg to zip
Adding /home2/zadkcom2/public_html/zadk2019/wp-content/uploads/2018/12/dignity2-300x300.jpg to zip
Adding /home2/zadkcom2/public_html/zadk2019/wp-content/uploads/2018/12/mohammad-281x300.jpg to zip
Adding /home2/zadkcom2/public_html/zadk2019/wp-content/uploads/2018/12/cooking-3-1024x599.jpg to zip
Adding /home2/zadkcom2/public_html/zadk2019/wp-content/uploads/2018/12/homepage-05-1-1024x683.jpg to zip
Adding /home2/zadkcom2/public_html/zadk2019/wp-content/uploads/2018/12/header1-1024x518.jpg to zip
Adding /home2/zadkcom2/public_html/zadk2019/wp-content/uploads/2018/12/rio2-63x63.jpg to zip
Adding /home2/zadkcom2/public_html/zadk2019/wp-content/uploads/2018/12/homepage-03a-150x150.jpg to zip
Adding /home2/zadkcom2/public_html/zadk2019/wp-content/uploads/2018/12/rio-header-1024x410.jpg to zip
Adding /home2/zadkcom2/public_html/zadk2019/wp-content/uploads/2018/12/1a-Homepage-pic-1-768x537.jpg to zip
Adding /home2/zadkcom2/public_html/zadk2019/wp-content/uploads/2018/12/partner01-103x63.png to zip
Adding /home2/zadkcom2/public_html/zadk2019/wp-content/uploads/2018/12/program-header-112x57.jpg to zip
Adding /home2/zadkcom2/public_html/zadk2019/wp-content/uploads/2018/12/rio2-300x300.jpg to zip
Adding /home2/zadkcom2/public_html/zadk2019/wp-content/uploads/2018/12/what2.png to zip
Adding /home2/zadkcom2/public_html/zadk2019/wp-content/uploads/2018/12/ivan-1-58x63.jpg to zip
Adding /home2/zadkcom2/public_html/zadk2019/wp-content/uploads/2018/12/slider-new05-300x200.jpg to zip
Adding /home2/zadkcom2/public_html/zadk2019/wp-content/uploads/2018/12/ivan-249x300.jpg to zip
Adding /home2/zadkcom2/public_html/zadk2019/wp-content/uploads/2018/12/g6-94x63.jpg to zip
Adding /home2/zadkcom2/public_html/zadk2019/wp-content/uploads/2018/12/cooking-1-150x150.jpg to zip
Adding /home2/zadkcom2/public_html/zadk2019/wp-content/uploads/2018/12/rania-moualla-768x406.jpg to zip
Adding /home2/zadkcom2/public_html/zadk2019/wp-content/uploads/2018/12/cooking-4.jpg to zip
Adding /home2/zadkcom2/public_html/zadk2019/wp-content/uploads/2018/12/dignity1.jpg to zip
Adding /home2/zadkcom2/public_html/zadk2019/wp-content/uploads/2018/12/who3-93x63.png to zip
Adding /home2/zadkcom2/public_html/zadk2019/wp-content/uploads/2018/12/othercourses1-768x469.jpg to zip
Adding /home2/zadkcom2/public_html/zadk2019/wp-content/uploads/2018/12/ahmed-53x63.jpg to zip
Adding /home2/zadkcom2/public_html/zadk2019/wp-content/uploads/2018/12/rio1-300x300.jpg to zip
Adding /home2/zadkcom2/public_html/zadk2019/wp-content/uploads/2018/12/register-112x57.jpg to zip
Adding /home2/zadkcom2/public_html/zadk2019/wp-content/uploads/2018/12/header.jpg to zip
Adding /home2/zadkcom2/public_html/zadk2019/wp-content/uploads/2018/12/cooking-4-768x449.jpg to zip
Adding /home2/zadkcom2/public_html/zadk2019/wp-content/uploads/2018/12/ceo-94x63.jpg to zip
Adding /home2/zadkcom2/public_html/zadk2019/wp-content/uploads/2018/12/local.jpg to zip
Adding /home2/zadkcom2/public_html/zadk2019/wp-content/uploads/2018/12/mission-236x300.jpg to zip
Adding /home2/zadkcom2/public_html/zadk2019/wp-content/uploads/2018/12/founder-name-1024x293.png to zip
Adding /home2/zadkcom2/public_html/zadk2019/wp-content/uploads/2018/12/rio5-224x224.jpg to zip
Adding /home2/zadkcom2/public_html/zadk2019/wp-content/uploads/2018/12/efc3-300x200.jpg to zip
Adding /home2/zadkcom2/public_html/zadk2019/wp-content/uploads/2018/12/vision2030a-300x158.jpg to zip
Adding /home2/zadkcom2/public_html/zadk2019/wp-content/uploads/2018/12/vision2030-300x158.jpg to zip
Adding /home2/zadkcom2/public_html/zadk2019/wp-content/uploads/2018/12/cooking-3-300x175.jpg to zip
Adding /home2/zadkcom2/public_html/zadk2019/wp-content/uploads/2018/12/gardners-new-1024x354.jpg to zip
Adding /home2/zadkcom2/public_html/zadk2019/wp-content/uploads/2018/12/header-partner-112x57.jpg to zip
Adding /home2/zadkcom2/public_html/zadk2019/wp-content/uploads/2018/12/what2-20x20.png to zip
Adding /home2/zadkcom2/public_html/zadk2019/wp-content/uploads/2018/12/rio6-181x181.jpg to zip
Adding /home2/zadkcom2/public_html/zadk2019/wp-content/uploads/2018/12/vision2030b-150x150.jpg to zip
Adding /home2/zadkcom2/public_html/zadk2019/wp-content/uploads/2018/12/local6-300x199.jpg to zip
Adding /home2/zadkcom2/public_html/zadk2019/wp-content/uploads/2018/12/slider5-1-150x150.jpg to zip
Adding /home2/zadkcom2/public_html/zadk2019/wp-content/uploads/2018/12/partner03-150x145.png to zip
Adding /home2/zadkcom2/public_html/zadk2019/wp-content/uploads/2018/12/headerimg-1024x541.jpg to zip
Adding /home2/zadkcom2/public_html/zadk2019/wp-content/uploads/2018/12/local9-300x235.jpg to zip
Adding /home2/zadkcom2/public_html/zadk2019/wp-content/uploads/2018/12/cross3-300x226.jpg to zip
Adding /home2/zadkcom2/public_html/zadk2019/wp-content/uploads/2018/12/coocking-7-1024x683.jpg to zip
Adding /home2/zadkcom2/public_html/zadk2019/wp-content/uploads/2018/12/sponsor02.png to zip
Adding /home2/zadkcom2/public_html/zadk2019/wp-content/uploads/2018/12/philanthropy-1.jpg to zip
Adding /home2/zadkcom2/public_html/zadk2019/wp-content/uploads/2018/12/founder-designation-20x4.png to zip
Adding /home2/zadkcom2/public_html/zadk2019/wp-content/uploads/2018/12/homepage-21-150x150.jpg to zip
Adding /home2/zadkcom2/public_html/zadk2019/wp-content/uploads/2018/12/what3-71x63.png to zip
Adding /home2/zadkcom2/public_html/zadk2019/wp-content/uploads/2018/12/coocking6.jpg to zip
Adding /home2/zadkcom2/public_html/zadk2019/wp-content/uploads/2018/12/local9-150x150.jpg to zip
Adding /home2/zadkcom2/public_html/zadk2019/wp-content/uploads/2018/12/booksigning-150x150.jpg to zip
Adding /home2/zadkcom2/public_html/zadk2019/wp-content/uploads/2018/12/map3-300x225.png to zip
Adding /home2/zadkcom2/public_html/zadk2019/wp-content/uploads/2018/12/sponsor02-150x67.png to zip
Adding /home2/zadkcom2/public_html/zadk2019/wp-content/uploads/2018/12/sponsor01.png to zip
Adding /home2/zadkcom2/public_html/zadk2019/wp-content/uploads/2018/12/local8-300x261.jpg to zip
Adding /home2/zadkcom2/public_html/zadk2019/wp-content/uploads/2018/12/slider5-1-1024x683.jpg to zip
Adding /home2/zadkcom2/public_html/zadk2019/wp-content/uploads/2018/12/cross4.jpg to zip
Adding /home2/zadkcom2/public_html/zadk2019/wp-content/uploads/2018/12/local7.jpg to zip
Adding /home2/zadkcom2/public_html/zadk2019/wp-content/uploads/2018/12/cross4-300x226.jpg to zip
Adding /home2/zadkcom2/public_html/zadk2019/wp-content/uploads/2018/12/g4.jpg to zip
Adding /home2/zadkcom2/public_html/zadk2019/wp-content/uploads/2018/12/rio3-150x150.jpg to zip
Adding /home2/zadkcom2/public_html/zadk2019/wp-content/uploads/2018/12/who2.png to zip
Adding /home2/zadkcom2/public_html/zadk2019/wp-content/uploads/2018/12/children1-300x200.jpg to zip
Adding /home2/zadkcom2/public_html/zadk2019/wp-content/uploads/2018/12/local2.jpg to zip
Adding /home2/zadkcom2/public_html/zadk2019/wp-content/uploads/2018/12/studentprog-112x59.jpg to zip
Adding /home2/zadkcom2/public_html/zadk2019/wp-content/uploads/2018/12/headerimg-1.jpg to zip
Adding /home2/zadkcom2/public_html/zadk2019/wp-content/uploads/2018/12/slider-new02-150x150.jpg to zip
Adding /home2/zadkcom2/public_html/zadk2019/wp-content/uploads/2018/12/what3.png to zip
Adding /home2/zadkcom2/public_html/zadk2019/wp-content/uploads/2018/12/header-partner-300x152.jpg to zip
Adding /home2/zadkcom2/public_html/zadk2019/wp-content/uploads/2018/12/local5.jpg to zip
Adding /home2/zadkcom2/public_html/zadk2019/wp-content/uploads/2018/12/cross2-226x226.jpg to zip
Adding /home2/zadkcom2/public_html/zadk2019/wp-content/uploads/2018/12/mission1.jpg to zip
Adding /home2/zadkcom2/public_html/zadk2019/wp-content/uploads/2018/12/why-healthy-20x20.png to zip
Adding /home2/zadkcom2/public_html/zadk2019/wp-content/uploads/2018/12/mission-16x20.jpg to zip
Adding /home2/zadkcom2/public_html/zadk2019/wp-content/uploads/2018/12/ceo1-1-150x150.jpg to zip
Adding /home2/zadkcom2/public_html/zadk2019/wp-content/uploads/2018/12/map3-20x15.png to zip
Adding /home2/zadkcom2/public_html/zadk2019/wp-content/uploads/2018/12/gardners3-150x150.jpg to zip
Adding /home2/zadkcom2/public_html/zadk2019/wp-content/uploads/2018/12/rania-moualla-150x150.jpg to zip
Adding /home2/zadkcom2/public_html/zadk2019/wp-content/uploads/2018/12/local10-500x500.jpg to zip
Adding /home2/zadkcom2/public_html/zadk2019/wp-content/uploads/2018/12/header-112x57.jpg to zip
Adding /home2/zadkcom2/public_html/zadk2019/wp-content/uploads/2018/12/badr.jpg to zip
Adding /home2/zadkcom2/public_html/zadk2019/wp-content/uploads/2018/12/mission2-150x150.jpg to zip
Adding /home2/zadkcom2/public_html/zadk2019/wp-content/uploads/2018/12/ceo1-1-300x155.jpg to zip
Adding /home2/zadkcom2/public_html/zadk2019/wp-content/uploads/2018/12/who.png to zip
Adding /home2/zadkcom2/public_html/zadk2019/wp-content/uploads/2018/12/efc3-200x200.jpg to zip
Adding /home2/zadkcom2/public_html/zadk2019/wp-content/uploads/2018/12/1a-Homepage-pic-1-90x63.jpg to zip
Adding /home2/zadkcom2/public_html/zadk2019/wp-content/uploads/2018/12/who-2.png to zip
Adding /home2/zadkcom2/public_html/zadk2019/wp-content/uploads/2018/12/ceo-150x150.jpg to zip
Adding /home2/zadkcom2/public_html/zadk2019/wp-content/uploads/2018/12/founder-name-768x220.png to zip
Adding /home2/zadkcom2/public_html/zadk2019/wp-content/uploads/2018/12/g4-150x150.jpg to zip
Adding /home2/zadkcom2/public_html/zadk2019/wp-content/uploads/2018/12/othercourses1-300x183.jpg to zip
Adding /home2/zadkcom2/public_html/zadk2019/wp-content/uploads/2018/12/g2-300x200.jpg to zip
Adding /home2/zadkcom2/public_html/zadk2019/wp-content/uploads/2018/12/cooking-1-1024x599.jpg to zip
Adding /home2/zadkcom2/public_html/zadk2019/wp-content/uploads/2018/12/dignity2.jpg to zip
Adding /home2/zadkcom2/public_html/zadk2019/wp-content/uploads/2018/12/booksig2.jpg to zip
Adding /home2/zadkcom2/public_html/zadk2019/wp-content/uploads/2018/12/g3.jpg to zip
Adding /home2/zadkcom2/public_html/zadk2019/wp-content/uploads/2018/12/booksign3-200x200.jpg to zip
Adding /home2/zadkcom2/public_html/zadk2019/wp-content/uploads/2018/12/ceo.jpg to zip
Adding /home2/zadkcom2/public_html/zadk2019/wp-content/uploads/2018/12/ivan-1-150x150.jpg to zip
Adding /home2/zadkcom2/public_html/zadk2019/wp-content/uploads/2018/12/g5-300x200.jpg to zip
Adding /home2/zadkcom2/public_html/zadk2019/wp-content/uploads/2018/12/what1-20x20.png to zip
Adding /home2/zadkcom2/public_html/zadk2019/wp-content/uploads/2018/12/localsource-final-112x57.jpg to zip
Adding /home2/zadkcom2/public_html/zadk2019/wp-content/uploads/2018/12/g1-150x150.jpg to zip
Adding /home2/zadkcom2/public_html/zadk2019/wp-content/uploads/2018/12/headerimg-112x59.jpg to zip
Adding /home2/zadkcom2/public_html/zadk2019/wp-content/uploads/2018/12/ceo-300x200.jpg to zip
Adding /home2/zadkcom2/public_html/zadk2019/wp-content/uploads/2018/12/rio2-200x200.jpg to zip
Adding /home2/zadkcom2/public_html/zadk2019/wp-content/uploads/2018/12/slider-new02-95x63.jpg to zip
Adding /home2/zadkcom2/public_html/zadk2019/wp-content/uploads/2018/12/header-partner-768x389.jpg to zip
Adding /home2/zadkcom2/public_html/zadk2019/wp-content/uploads/2018/12/ivan.jpg to zip
Adding /home2/zadkcom2/public_html/zadk2019/wp-content/uploads/2018/12/noaf-253x300.jpg to zip
Adding /home2/zadkcom2/public_html/zadk2019/wp-content/uploads/2018/12/program-header-1024x518.jpg to zip
Adding /home2/zadkcom2/public_html/zadk2019/wp-content/uploads/2018/12/local6-20x13.jpg to zip
Adding /home2/zadkcom2/public_html/zadk2019/wp-content/uploads/2018/12/local4-88x63.jpg to zip
Adding /home2/zadkcom2/public_html/zadk2019/wp-content/uploads/2018/12/studentprog.jpg to zip
Adding /home2/zadkcom2/public_html/zadk2019/wp-content/uploads/2018/12/othercourses-1-106x63.jpg to zip
Adding /home2/zadkcom2/public_html/zadk2019/wp-content/uploads/2018/12/rio-header-150x150.jpg to zip
Adding /home2/zadkcom2/public_html/zadk2019/wp-content/uploads/2018/12/map.png to zip
Adding /home2/zadkcom2/public_html/zadk2019/wp-content/uploads/2018/12/noaf-253x253.jpg to zip
Adding /home2/zadkcom2/public_html/zadk2019/wp-content/uploads/2018/12/philanthropy-1-1024x518.jpg to zip
Adding /home2/zadkcom2/public_html/zadk2019/wp-content/uploads/2018/12/founder-name-20x6.png to zip
Adding /home2/zadkcom2/public_html/zadk2019/wp-content/uploads/2018/12/header-partner.jpg to zip
Adding /home2/zadkcom2/public_html/zadk2019/wp-content/uploads/2018/12/noura-150x150.jpg to zip
Adding /home2/zadkcom2/public_html/zadk2019/wp-content/uploads/2018/12/intiative-header-150x150.jpg to zip
Adding /home2/zadkcom2/public_html/zadk2019/wp-content/uploads/2018/12/mohammad-150x150.jpg to zip
Adding /home2/zadkcom2/public_html/zadk2019/wp-content/uploads/2018/12/why-healthy-64x63.png to zip
Adding /home2/zadkcom2/public_html/zadk2019/wp-content/uploads/2018/12/g6-150x150.jpg to zip
Adding /home2/zadkcom2/public_html/zadk2019/wp-content/uploads/2018/12/enthusiasts-1-93x63.jpg to zip
Adding /home2/zadkcom2/public_html/zadk2019/wp-content/uploads/2018/12/ahmed-251x251.jpg to zip
Adding /home2/zadkcom2/public_html/zadk2019/wp-content/uploads/2018/12/ceo1-1024x530.jpg to zip
Adding /home2/zadkcom2/public_html/zadk2019/wp-content/uploads/2018/12/contact.jpg to zip
Adding /home2/zadkcom2/public_html/zadk2019/wp-content/uploads/2018/12/when1-20x7.png to zip
Adding /home2/zadkcom2/public_html/zadk2019/wp-content/uploads/2018/12/ivan-1.jpg to zip
Adding /home2/zadkcom2/public_html/zadk2019/wp-content/uploads/2018/12/local2-336x336.jpg to zip
Adding /home2/zadkcom2/public_html/zadk2019/wp-content/uploads/2018/12/why-vision-white-20x14.png to zip
Adding /home2/zadkcom2/public_html/zadk2019/wp-content/uploads/2018/12/rania-768x449.jpg to zip
Adding /home2/zadkcom2/public_html/zadk2019/wp-content/uploads/2018/12/header1-112x57.jpg to zip
Adding /home2/zadkcom2/public_html/zadk2019/wp-content/uploads/2018/12/noaf-150x150.jpg to zip
Adding /home2/zadkcom2/public_html/zadk2019/wp-content/uploads/2018/12/homepage-05-20x13.jpg to zip
Adding /home2/zadkcom2/public_html/zadk2019/wp-content/uploads/2018/12/children3-150x150.jpg to zip
Adding /home2/zadkcom2/public_html/zadk2019/wp-content/uploads/2018/12/homepage-05-150x150.jpg to zip
Adding /home2/zadkcom2/public_html/zadk2019/wp-content/uploads/2018/12/othercourses-2-103x63.jpg to zip
Adding /home2/zadkcom2/public_html/zadk2019/wp-content/uploads/2018/12/cooking-4-300x175.jpg to zip
Adding /home2/zadkcom2/public_html/zadk2019/wp-content/uploads/2018/12/sponsor04.png to zip
Adding /home2/zadkcom2/public_html/zadk2019/wp-content/uploads/2018/12/why-const.png to zip
Adding /home2/zadkcom2/public_html/zadk2019/wp-content/uploads/2018/12/slider-new03-95x63.jpg to zip
Adding /home2/zadkcom2/public_html/zadk2019/wp-content/uploads/2018/12/sponsor01-112x35.png to zip
Adding /home2/zadkcom2/public_html/zadk2019/wp-content/uploads/2018/12/g4-94x63.jpg to zip
Adding /home2/zadkcom2/public_html/zadk2019/wp-content/uploads/2018/12/cooking-3-768x449.jpg to zip
Adding /home2/zadkcom2/public_html/zadk2019/wp-content/uploads/2018/12/enthusiasts-1-203x203.jpg to zip
Adding /home2/zadkcom2/public_html/zadk2019/wp-content/uploads/2018/12/when1.png to zip
Adding /home2/zadkcom2/public_html/zadk2019/wp-content/uploads/2018/12/booksigning-768x349.jpg to zip
Adding /home2/zadkcom2/public_html/zadk2019/wp-content/uploads/2018/12/children1-95x63.jpg to zip
Adding /home2/zadkcom2/public_html/zadk2019/wp-content/uploads/2018/12/homepage-04-20x13.jpg to zip
Adding /home2/zadkcom2/public_html/zadk2019/wp-content/uploads/2018/12/homepage-05-1024x683.jpg to zip
Adding /home2/zadkcom2/public_html/zadk2019/wp-content/uploads/2018/12/badr-53x63.jpg to zip
Adding /home2/zadkcom2/public_html/zadk2019/wp-content/uploads/2018/12/g7-94x63.jpg to zip
Adding /home2/zadkcom2/public_html/zadk2019/wp-content/uploads/2018/12/program-header-768x389.jpg to zip
Adding /home2/zadkcom2/public_html/zadk2019/wp-content/uploads/2018/12/gardners1-1024x354.jpg to zip
Adding /home2/zadkcom2/public_html/zadk2019/wp-content/uploads/2018/12/program-header-1-1024x518.jpg to zip
Adding /home2/zadkcom2/public_html/zadk2019/wp-content/uploads/2018/12/rio-header.jpg to zip
Adding /home2/zadkcom2/public_html/zadk2019/wp-content/uploads/2018/12/rio3-300x220.jpg to zip
Adding /home2/zadkcom2/public_html/zadk2019/wp-content/uploads/2018/12/contact-1024x518.jpg to zip
Adding /home2/zadkcom2/public_html/zadk2019/wp-content/uploads/2018/12/slider-new03-300x200.jpg to zip
Adding /home2/zadkcom2/public_html/zadk2019/wp-content/uploads/2018/12/rio7-261x300.jpg to zip
Adding /home2/zadkcom2/public_html/zadk2019/wp-content/uploads/2018/12/enthusiasts-1-20x14.jpg to zip
Adding /home2/zadkcom2/public_html/zadk2019/wp-content/uploads/2018/12/homepage-04.jpg to zip
Adding /home2/zadkcom2/public_html/zadk2019/wp-content/uploads/2018/12/slider3-3-150x150.jpg to zip
Adding /home2/zadkcom2/public_html/zadk2019/wp-content/uploads/2018/12/0waste.jpg to zip
Adding /home2/zadkcom2/public_html/zadk2019/wp-content/uploads/2018/12/g7-150x150.jpg to zip
Adding /home2/zadkcom2/public_html/zadk2019/wp-content/uploads/2018/12/vision2030a-150x150.jpg to zip
Adding /home2/zadkcom2/public_html/zadk2019/wp-content/uploads/2018/12/g-new1-768x272.jpg to zip
Adding /home2/zadkcom2/public_html/zadk2019/wp-content/uploads/2018/12/greentree-300x188.jpg to zip
Adding /home2/zadkcom2/public_html/zadk2019/wp-content/uploads/2018/12/efc2-300x200.jpg to zip
Adding /home2/zadkcom2/public_html/zadk2019/wp-content/uploads/2018/12/othercourses-1-150x150.jpg to zip
Adding /home2/zadkcom2/public_html/zadk2019/wp-content/uploads/2018/12/enthusiasts-2.jpg to zip
Adding /home2/zadkcom2/public_html/zadk2019/wp-content/uploads/2018/12/map-300x198.png to zip
Adding /home2/zadkcom2/public_html/zadk2019/wp-content/uploads/2018/12/vision2030b-300x158.jpg to zip
Adding /home2/zadkcom2/public_html/zadk2019/wp-content/uploads/2018/12/local10-300x300.jpg to zip
Adding /home2/zadkcom2/public_html/zadk2019/wp-content/uploads/2018/12/homepage-03a-300x200.jpg to zip
Adding /home2/zadkcom2/public_html/zadk2019/wp-content/uploads/2018/12/logo-300x286.png to zip
Adding /home2/zadkcom2/public_html/zadk2019/wp-content/uploads/2018/12/why-const-76x63.png to zip
Adding /home2/zadkcom2/public_html/zadk2019/wp-content/uploads/2018/12/local8-261x261.jpg to zip
Adding /home2/zadkcom2/public_html/zadk2019/wp-content/uploads/2018/12/why-vision-150x129.png to zip
Adding /home2/zadkcom2/public_html/zadk2019/wp-content/uploads/2018/12/local6-332x332.jpg to zip
Adding /home2/zadkcom2/public_html/zadk2019/wp-content/uploads/2018/12/why-consti1-150x150.png to zip
Adding /home2/zadkcom2/public_html/zadk2019/wp-content/uploads/2018/12/cooking-3-150x150.jpg to zip
Adding /home2/zadkcom2/public_html/zadk2019/wp-content/uploads/2018/12/g-new1-1024x363.jpg to zip
Adding /home2/zadkcom2/public_html/zadk2019/wp-content/uploads/2018/12/g5-150x150.jpg to zip
Adding /home2/zadkcom2/public_html/zadk2019/wp-content/uploads/2018/12/children1-20x13.jpg to zip
Adding /home2/zadkcom2/public_html/zadk2019/wp-content/uploads/2018/12/ivan-150x150.jpg to zip
Adding /home2/zadkcom2/public_html/zadk2019/wp-content/uploads/2018/12/efc3.jpg to zip
Adding /home2/zadkcom2/public_html/zadk2019/wp-content/uploads/2018/12/slider5-1-95x63.jpg to zip
Adding /home2/zadkcom2/public_html/zadk2019/wp-content/uploads/2018/12/slider-new02.jpg to zip
Adding /home2/zadkcom2/public_html/zadk2019/wp-content/uploads/2018/12/noura-17x20.jpg to zip
Adding /home2/zadkcom2/public_html/zadk2019/wp-content/uploads/2018/12/local10-150x150.jpg to zip
Adding /home2/zadkcom2/public_html/zadk2019/wp-content/uploads/2018/12/local6.jpg to zip
Adding /home2/zadkcom2/public_html/zadk2019/wp-content/uploads/2018/12/whod.png to zip
Adding /home2/zadkcom2/public_html/zadk2019/wp-content/uploads/2018/12/homepage-3-300x200.jpg to zip
Adding /home2/zadkcom2/public_html/zadk2019/wp-content/uploads/2018/12/coocking-7.jpg to zip
Adding /home2/zadkcom2/public_html/zadk2019/wp-content/uploads/2018/12/children1-150x150.jpg to zip
Adding /home2/zadkcom2/public_html/zadk2019/wp-content/uploads/2018/12/gardner2-300x200.jpg to zip
Adding /home2/zadkcom2/public_html/zadk2019/wp-content/uploads/2018/12/ivan-1-18x20.jpg to zip
Adding /home2/zadkcom2/public_html/zadk2019/wp-content/uploads/2018/12/who-112x60.png to zip
Adding /home2/zadkcom2/public_html/zadk2019/wp-content/uploads/2018/12/why-const-150x150.png to zip
Adding /home2/zadkcom2/public_html/zadk2019/wp-content/uploads/2018/12/sponsor04-112x35.png to zip
Adding /home2/zadkcom2/public_html/zadk2019/wp-content/uploads/2018/12/rio5-300x300.jpg to zip
Adding /home2/zadkcom2/public_html/zadk2019/wp-content/uploads/2018/12/1a-Homepage-pic-1-300x210.jpg to zip
Adding /home2/zadkcom2/public_html/zadk2019/wp-content/uploads/2018/12/booksig1-200x200.jpg to zip
Adding /home2/zadkcom2/public_html/zadk2019/wp-content/uploads/2018/12/slider3-2-768x512.jpg to zip
Adding /home2/zadkcom2/public_html/zadk2019/wp-content/uploads/2018/12/localsource-final-1024x518.jpg to zip
Adding /home2/zadkcom2/public_html/zadk2019/wp-content/uploads/2018/12/cooking-4-108x63.jpg to zip
Adding /home2/zadkcom2/public_html/zadk2019/wp-content/uploads/2018/12/gardner2-94x63.jpg to zip
Adding /home2/zadkcom2/public_html/zadk2019/wp-content/uploads/2018/12/slider-new05-95x63.jpg to zip
Adding /home2/zadkcom2/public_html/zadk2019/wp-content/uploads/2018/12/efc2-150x150.jpg to zip
Adding /home2/zadkcom2/public_html/zadk2019/wp-content/uploads/2018/12/cross1-226x226.jpg to zip
Adding /home2/zadkcom2/public_html/zadk2019/wp-content/uploads/2018/12/g-new1-150x150.jpg to zip
Adding /home2/zadkcom2/public_html/zadk2019/wp-content/uploads/2018/12/logo.png to zip
Adding /home2/zadkcom2/public_html/zadk2019/wp-content/uploads/2018/12/slider3-2-150x150.jpg to zip
Adding /home2/zadkcom2/public_html/zadk2019/wp-content/uploads/2018/12/dignity4.jpg to zip
Adding /home2/zadkcom2/public_html/zadk2019/wp-content/uploads/2018/12/localsource-final-150x150.jpg to zip
Adding /home2/zadkcom2/public_html/zadk2019/wp-content/uploads/2018/12/booksig2-150x150.jpg to zip
Adding /home2/zadkcom2/public_html/zadk2019/wp-content/uploads/2018/12/local3-95x63.jpg to zip
Adding /home2/zadkcom2/public_html/zadk2019/wp-content/uploads/2018/12/coocking-7-768x512.jpg to zip
Adding /home2/zadkcom2/public_html/zadk2019/wp-content/uploads/2018/12/gardners-new.jpg to zip
Adding /home2/zadkcom2/public_html/zadk2019/wp-content/uploads/2018/12/why-healthy.png to zip
Adding /home2/zadkcom2/public_html/zadk2019/wp-content/uploads/2018/12/rio1-150x150.jpg to zip
Adding /home2/zadkcom2/public_html/zadk2019/wp-content/uploads/2018/12/homepage-05-1.jpg to zip
Adding /home2/zadkcom2/public_html/zadk2019/wp-content/uploads/2018/12/homepage-21-300x200.jpg to zip
Adding /home2/zadkcom2/public_html/zadk2019/wp-content/uploads/2018/12/vision2030b.jpg to zip
Adding /home2/zadkcom2/public_html/zadk2019/wp-content/uploads/2018/12/local5-150x150.jpg to zip
Adding /home2/zadkcom2/public_html/zadk2019/wp-content/uploads/2018/12/headerimg.jpg to zip
Adding /home2/zadkcom2/public_html/zadk2019/wp-content/uploads/2018/12/othercourses-103x63.jpg to zip
Adding /home2/zadkcom2/public_html/zadk2019/wp-content/uploads/js_composer/custom.css to zip
Adding /home2/zadkcom2/public_html/zadk2019/wp-content/uploads/2019/02/logo1-1-300x114.jpg to zip
Adding /home2/zadkcom2/public_html/zadk2019/wp-content/uploads/2019/02/caa1-300x161.jpg to zip
Adding /home2/zadkcom2/public_html/zadk2019/wp-content/uploads/2019/02/nawaf-1.jpg to zip
Adding /home2/zadkcom2/public_html/zadk2019/wp-content/uploads/2019/02/noaf-46x63.jpg to zip
Adding /home2/zadkcom2/public_html/zadk2019/wp-content/uploads/2019/02/Salman-photo-281x300.jpg to zip
Adding /home2/zadkcom2/public_html/zadk2019/wp-content/uploads/2019/02/ahmed-286x300.jpg to zip
Adding /home2/zadkcom2/public_html/zadk2019/wp-content/uploads/2019/02/footer3-2x63.jpg to zip
Adding /home2/zadkcom2/public_html/zadk2019/wp-content/uploads/2019/02/footer3.jpg to zip
Adding /home2/zadkcom2/public_html/zadk2019/wp-content/uploads/2019/02/contact-768x389.jpg to zip
Adding /home2/zadkcom2/public_html/zadk2019/wp-content/uploads/2019/02/noaf-1-150x150.jpg to zip
Adding /home2/zadkcom2/public_html/zadk2019/wp-content/uploads/2019/02/noura-286x300.jpg to zip
Adding /home2/zadkcom2/public_html/zadk2019/wp-content/uploads/2019/02/ahmed.jpg to zip
Adding /home2/zadkcom2/public_html/zadk2019/wp-content/uploads/2019/02/caa-112x60.jpg to zip
Adding /home2/zadkcom2/public_html/zadk2019/wp-content/uploads/2019/02/logo1-150x150.jpg to zip
Adding /home2/zadkcom2/public_html/zadk2019/wp-content/uploads/2019/02/contact-150x150.jpg to zip
Adding /home2/zadkcom2/public_html/zadk2019/wp-content/uploads/2019/02/sokiena.jpg to zip
Adding /home2/zadkcom2/public_html/zadk2019/wp-content/uploads/2019/02/zahra.jpg to zip
Adding /home2/zadkcom2/public_html/zadk2019/wp-content/uploads/2019/02/logo1-1-150x150.jpg to zip
Adding /home2/zadkcom2/public_html/zadk2019/wp-content/uploads/2019/02/logo1-112x36.jpg to zip
Adding /home2/zadkcom2/public_html/zadk2019/wp-content/uploads/2019/02/badr-150x150.jpg to zip
Adding /home2/zadkcom2/public_html/zadk2019/wp-content/uploads/2019/02/parnters1-143x300.jpg to zip
Adding /home2/zadkcom2/public_html/zadk2019/wp-content/uploads/2019/02/logo1.jpg to zip
Adding /home2/zadkcom2/public_html/zadk2019/wp-content/uploads/2019/02/sokiena-60x63.jpg to zip
Adding /home2/zadkcom2/public_html/zadk2019/wp-content/uploads/2019/02/tree-300x188.jpg to zip
Adding /home2/zadkcom2/public_html/zadk2019/wp-content/uploads/2019/02/noaf-1-286x300.jpg to zip
Adding /home2/zadkcom2/public_html/zadk2019/wp-content/uploads/2019/02/badr-60x63.jpg to zip
Adding /home2/zadkcom2/public_html/zadk2019/wp-content/uploads/2019/02/noaf-1.jpg to zip
Adding /home2/zadkcom2/public_html/zadk2019/wp-content/uploads/2019/02/Salman-photo-150x150.jpg to zip
Adding /home2/zadkcom2/public_html/zadk2019/wp-content/uploads/2019/02/nawaf-1-150x150.jpg to zip
Adding /home2/zadkcom2/public_html/zadk2019/wp-content/uploads/2019/02/tree-150x150.jpg to zip
Adding /home2/zadkcom2/public_html/zadk2019/wp-content/uploads/2019/02/Salman-photo-768x820.jpg to zip
Adding /home2/zadkcom2/public_html/zadk2019/wp-content/uploads/2019/02/ahmed-150x150.jpg to zip
Adding /home2/zadkcom2/public_html/zadk2019/wp-content/uploads/2019/02/contact-300x152.jpg to zip
Adding /home2/zadkcom2/public_html/zadk2019/wp-content/uploads/2019/02/gasim-1.jpg to zip
Adding /home2/zadkcom2/public_html/zadk2019/wp-content/uploads/2019/02/rania-2.jpg to zip
Adding /home2/zadkcom2/public_html/zadk2019/wp-content/uploads/2019/02/badr-286x300.jpg to zip
Adding /home2/zadkcom2/public_html/zadk2019/wp-content/uploads/2019/02/parnters1-488x1024.jpg to zip
Adding /home2/zadkcom2/public_html/zadk2019/wp-content/uploads/2019/02/sokiena-150x150.jpg to zip
Adding /home2/zadkcom2/public_html/zadk2019/wp-content/uploads/2019/02/zahra-286x300.jpg to zip
Adding /home2/zadkcom2/public_html/zadk2019/wp-content/uploads/2019/02/nawaf-1-286x300.jpg to zip
Adding /home2/zadkcom2/public_html/zadk2019/wp-content/uploads/2019/02/noura.jpg to zip
Adding /home2/zadkcom2/public_html/zadk2019/wp-content/uploads/2019/02/gasim-1-286x300.jpg to zip
Adding /home2/zadkcom2/public_html/zadk2019/wp-content/uploads/2019/02/rania-2-286x300.jpg to zip
Adding /home2/zadkcom2/public_html/zadk2019/wp-content/uploads/2019/02/caa-150x150.jpg to zip
Adding /home2/zadkcom2/public_html/zadk2019/wp-content/uploads/2019/02/Salman-photo-59x63.jpg to zip
Adding /home2/zadkcom2/public_html/zadk2019/wp-content/uploads/2019/02/zahra-150x150.jpg to zip
Adding /home2/zadkcom2/public_html/zadk2019/wp-content/uploads/2019/02/caa.jpg to zip
Adding /home2/zadkcom2/public_html/zadk2019/wp-content/uploads/2019/02/gasim-1-150x150.jpg to zip
Adding /home2/zadkcom2/public_html/zadk2019/wp-content/uploads/2019/02/female-icon-60x63.jpg to zip
Adding /home2/zadkcom2/public_html/zadk2019/wp-content/uploads/2019/02/parnters1-150x150.jpg to zip
Adding /home2/zadkcom2/public_html/zadk2019/wp-content/uploads/2019/02/parnters1.jpg to zip
Adding /home2/zadkcom2/public_html/zadk2019/wp-content/uploads/2019/02/footer3-19x150.jpg to zip
Adding /home2/zadkcom2/public_html/zadk2019/wp-content/uploads/2019/02/rania-2-150x150.jpg to zip
Adding /home2/zadkcom2/public_html/zadk2019/wp-content/uploads/2019/02/gasim-1-60x63.jpg to zip
Adding /home2/zadkcom2/public_html/zadk2019/wp-content/uploads/2019/02/parnters1-768x1613.jpg to zip
Adding /home2/zadkcom2/public_html/zadk2019/wp-content/uploads/2019/02/logo1-300x96.jpg to zip
Adding /home2/zadkcom2/public_html/zadk2019/wp-content/uploads/2019/02/female-icon-286x300.jpg to zip
Adding /home2/zadkcom2/public_html/zadk2019/wp-content/uploads/2019/02/noaf-1-60x63.jpg to zip
Adding /home2/zadkcom2/public_html/zadk2019/wp-content/uploads/2019/02/nawaf-1-60x63.jpg to zip
Adding /home2/zadkcom2/public_html/zadk2019/wp-content/uploads/2019/02/contact-112x57.jpg to zip
Adding /home2/zadkcom2/public_html/zadk2019/wp-content/uploads/2019/02/footer3-9x300.jpg to zip
Adding /home2/zadkcom2/public_html/zadk2019/wp-content/uploads/2019/02/caa1.jpg to zip
Adding /home2/zadkcom2/public_html/zadk2019/wp-content/uploads/2019/02/rania-2-60x63.jpg to zip
Adding /home2/zadkcom2/public_html/zadk2019/wp-content/uploads/2019/02/noaf.jpg to zip
Adding /home2/zadkcom2/public_html/zadk2019/wp-content/uploads/2019/02/parnters1-30x63.jpg to zip
Adding /home2/zadkcom2/public_html/zadk2019/wp-content/uploads/2019/02/logo1-1.jpg to zip
Adding /home2/zadkcom2/public_html/zadk2019/wp-content/uploads/2019/02/zahra-60x63.jpg to zip
Adding /home2/zadkcom2/public_html/zadk2019/wp-content/uploads/2019/02/noaf-219x300.jpg to zip
Adding /home2/zadkcom2/public_html/zadk2019/wp-content/uploads/2019/02/logo1-1-112x43.jpg to zip
Adding /home2/zadkcom2/public_html/zadk2019/wp-content/uploads/2019/02/ahmed-60x63.jpg to zip
Adding /home2/zadkcom2/public_html/zadk2019/wp-content/uploads/2019/02/badr.jpg to zip
Adding /home2/zadkcom2/public_html/zadk2019/wp-content/uploads/2019/02/tree-101x63.jpg to zip
Adding /home2/zadkcom2/public_html/zadk2019/wp-content/uploads/2019/02/noura-150x150.jpg to zip
Adding /home2/zadkcom2/public_html/zadk2019/wp-content/uploads/2019/02/contact.jpg to zip
Adding /home2/zadkcom2/public_html/zadk2019/wp-content/uploads/2019/02/noaf-150x150.jpg to zip
Adding /home2/zadkcom2/public_html/zadk2019/wp-content/uploads/2019/02/contact-1024x518.jpg to zip
Adding /home2/zadkcom2/public_html/zadk2019/wp-content/uploads/2019/02/noura-60x63.jpg to zip
Adding /home2/zadkcom2/public_html/zadk2019/wp-content/uploads/2019/02/caa1-112x60.jpg to zip
Adding /home2/zadkcom2/public_html/zadk2019/wp-content/uploads/2019/02/female-icon-150x150.jpg to zip
Adding /home2/zadkcom2/public_html/zadk2019/wp-content/uploads/2019/02/Salman-photo.jpg to zip
Adding /home2/zadkcom2/public_html/zadk2019/wp-content/uploads/2019/02/tree.jpg to zip
Adding /home2/zadkcom2/public_html/zadk2019/wp-content/uploads/2019/02/caa-300x161.jpg to zip
Adding /home2/zadkcom2/public_html/zadk2019/wp-content/uploads/2019/02/sokiena-286x300.jpg to zip
Adding /home2/zadkcom2/public_html/zadk2019/wp-content/uploads/2019/02/female-icon.jpg to zip
Adding /home2/zadkcom2/public_html/zadk2019/wp-content/uploads/2019/02/caa1-150x150.jpg to zip
Adding /home2/zadkcom2/public_html/zadk2019/wp-content/uploads/2019/03/partners-30x63.jpg to zip
Adding /home2/zadkcom2/public_html/zadk2019/wp-content/uploads/2019/03/partners-150x150.jpg to zip
Adding /home2/zadkcom2/public_html/zadk2019/wp-content/uploads/2019/03/parnters2-30x63.jpg to zip
Adding /home2/zadkcom2/public_html/zadk2019/wp-content/uploads/2019/03/partners-143x300.jpg to zip
Adding /home2/zadkcom2/public_html/zadk2019/wp-content/uploads/2019/03/partners-488x1024.jpg to zip
Adding /home2/zadkcom2/public_html/zadk2019/wp-content/uploads/2019/03/parnters2-150x150.jpg to zip
Adding /home2/zadkcom2/public_html/zadk2019/wp-content/uploads/2019/03/partners-768x1613.jpg to zip
Adding /home2/zadkcom2/public_html/zadk2019/wp-content/uploads/2019/03/parnters2-488x1024.jpg to zip
Adding /home2/zadkcom2/public_html/zadk2019/wp-content/uploads/2019/03/parnters2-768x1613.jpg to zip
Adding /home2/zadkcom2/public_html/zadk2019/wp-content/uploads/2019/03/partners.jpg to zip
Adding /home2/zadkcom2/public_html/zadk2019/wp-content/uploads/2019/03/parnters2-143x300.jpg to zip
Adding /home2/zadkcom2/public_html/zadk2019/wp-content/uploads/2019/03/parnters2.jpg to zip
Adding /home2/zadkcom2/public_html/zadk2019/wp-content/uploads/2019/01/team-1024x518.jpg to zip
Adding /home2/zadkcom2/public_html/zadk2019/wp-content/uploads/2019/01/vision-new.png to zip
Adding /home2/zadkcom2/public_html/zadk2019/wp-content/uploads/2019/01/marco-150x150.png to zip
Adding /home2/zadkcom2/public_html/zadk2019/wp-content/uploads/2019/01/mjm.jpg to zip
Adding /home2/zadkcom2/public_html/zadk2019/wp-content/uploads/2019/01/new-logo-zadk-300x146.jpg to zip
Adding /home2/zadkcom2/public_html/zadk2019/wp-content/uploads/2019/01/marco.png to zip
Adding /home2/zadkcom2/public_html/zadk2019/wp-content/uploads/2019/01/where.png to zip
Adding /home2/zadkcom2/public_html/zadk2019/wp-content/uploads/2019/01/marco-112x61.png to zip
Adding /home2/zadkcom2/public_html/zadk2019/wp-content/uploads/2019/01/new-logo-zadk-150x150.jpg to zip
Adding /home2/zadkcom2/public_html/zadk2019/wp-content/uploads/2019/01/vision-mission.jpg to zip
Adding /home2/zadkcom2/public_html/zadk2019/wp-content/uploads/2019/01/ourgoals.jpg to zip
Adding /home2/zadkcom2/public_html/zadk2019/wp-content/uploads/2019/01/rania-mualla-112x57.jpg to zip
Adding /home2/zadkcom2/public_html/zadk2019/wp-content/uploads/2019/01/vision-768x389.jpg to zip
Adding /home2/zadkcom2/public_html/zadk2019/wp-content/uploads/2019/01/why-300x105.png to zip
Adding /home2/zadkcom2/public_html/zadk2019/wp-content/uploads/2019/01/team.jpg to zip
Adding /home2/zadkcom2/public_html/zadk2019/wp-content/uploads/2019/01/icon1-64x63.png to zip
Adding /home2/zadkcom2/public_html/zadk2019/wp-content/uploads/2019/01/newvision-150x150.jpg to zip
Adding /home2/zadkcom2/public_html/zadk2019/wp-content/uploads/2019/01/team-300x152.jpg to zip
Adding /home2/zadkcom2/public_html/zadk2019/wp-content/uploads/2019/01/newvision-112x57.jpg to zip
Adding /home2/zadkcom2/public_html/zadk2019/wp-content/uploads/2019/01/vision.jpg to zip
Adding /home2/zadkcom2/public_html/zadk2019/wp-content/uploads/2019/01/Partners-and-Sponsors-230x300.jpg to zip
Adding /home2/zadkcom2/public_html/zadk2019/wp-content/uploads/2019/01/vision-new-150x130.png to zip
Adding /home2/zadkcom2/public_html/zadk2019/wp-content/uploads/2019/01/Partners-and-Sponsors1-589x1024.jpg to zip
Adding /home2/zadkcom2/public_html/zadk2019/wp-content/uploads/2019/01/what-300x95.png to zip
Adding /home2/zadkcom2/public_html/zadk2019/wp-content/uploads/2019/01/what.png to zip
Adding /home2/zadkcom2/public_html/zadk2019/wp-content/uploads/2019/01/what3-112x43.png to zip
Adding /home2/zadkcom2/public_html/zadk2019/wp-content/uploads/2019/01/new-logo-zadk-112x54.jpg to zip
Adding /home2/zadkcom2/public_html/zadk2019/wp-content/uploads/2019/01/Partners-and-Sponsors1-172x300.jpg to zip
Adding /home2/zadkcom2/public_html/zadk2019/wp-content/uploads/2019/01/icon2-59x63.png to zip
Adding /home2/zadkcom2/public_html/zadk2019/wp-content/uploads/2019/01/team-112x57.jpg to zip
Adding /home2/zadkcom2/public_html/zadk2019/wp-content/uploads/2019/01/vision-300x152.jpg to zip
Adding /home2/zadkcom2/public_html/zadk2019/wp-content/uploads/2019/01/why.png to zip
Adding /home2/zadkcom2/public_html/zadk2019/wp-content/uploads/2019/01/mjm-300x294.jpg to zip
Adding /home2/zadkcom2/public_html/zadk2019/wp-content/uploads/2019/01/newvision-300x152.jpg to zip
Adding /home2/zadkcom2/public_html/zadk2019/wp-content/uploads/2019/01/vision-mission-768x389.jpg to zip
Adding /home2/zadkcom2/public_html/zadk2019/wp-content/uploads/2019/01/rania-mualla-1024x518.jpg to zip
Adding /home2/zadkcom2/public_html/zadk2019/wp-content/uploads/2019/01/marco1.jpg to zip
Adding /home2/zadkcom2/public_html/zadk2019/wp-content/uploads/2019/01/vision-mission-150x150.jpg to zip
Adding /home2/zadkcom2/public_html/zadk2019/wp-content/uploads/2019/01/Partners-and-Sponsors1-36x63.jpg to zip
Adding /home2/zadkcom2/public_html/zadk2019/wp-content/uploads/2019/01/where-150x150.png to zip
Adding /home2/zadkcom2/public_html/zadk2019/wp-content/uploads/2019/01/mjm-1-150x150.jpg to zip
Adding /home2/zadkcom2/public_html/zadk2019/wp-content/uploads/2019/01/marco-300x163.png to zip
Adding /home2/zadkcom2/public_html/zadk2019/wp-content/uploads/2019/01/where-112x45.png to zip
Adding /home2/zadkcom2/public_html/zadk2019/wp-content/uploads/2019/01/icon3.png to zip
Adding /home2/zadkcom2/public_html/zadk2019/wp-content/uploads/2019/01/how-300x141.png to zip
Adding /home2/zadkcom2/public_html/zadk2019/wp-content/uploads/2019/01/boardmember.jpg to zip
Adding /home2/zadkcom2/public_html/zadk2019/wp-content/uploads/2019/01/boardmember-300x152.jpg to zip
Adding /home2/zadkcom2/public_html/zadk2019/wp-content/uploads/2019/01/Partners-and-Sponsors1.jpg to zip
Adding /home2/zadkcom2/public_html/zadk2019/wp-content/uploads/2019/01/vision-mission-1024x518.jpg to zip
Adding /home2/zadkcom2/public_html/zadk2019/wp-content/uploads/2019/01/Partners-and-Sponsors.jpg to zip
Adding /home2/zadkcom2/public_html/zadk2019/wp-content/uploads/2019/01/ourgoals-95x63.jpg to zip
Adding /home2/zadkcom2/public_html/zadk2019/wp-content/uploads/2019/01/rania-mualla.jpg to zip
Adding /home2/zadkcom2/public_html/zadk2019/wp-content/uploads/2019/01/vision-new-92x63.png to zip
Adding /home2/zadkcom2/public_html/zadk2019/wp-content/uploads/2019/01/rania-mualla-300x152.jpg to zip
Adding /home2/zadkcom2/public_html/zadk2019/wp-content/uploads/2019/01/where-300x120.png to zip
Adding /home2/zadkcom2/public_html/zadk2019/wp-content/uploads/2019/01/newvision.jpg to zip
Adding /home2/zadkcom2/public_html/zadk2019/wp-content/uploads/2019/01/how-150x141.png to zip
Adding /home2/zadkcom2/public_html/zadk2019/wp-content/uploads/2019/01/rania-mualla-150x150.jpg to zip
Adding /home2/zadkcom2/public_html/zadk2019/wp-content/uploads/2019/01/boardmember-150x150.jpg to zip
Adding /home2/zadkcom2/public_html/zadk2019/wp-content/uploads/2019/01/Partners-and-Sponsors-787x1024.jpg to zip
Adding /home2/zadkcom2/public_html/zadk2019/wp-content/uploads/2019/01/how-112x53.png to zip
Adding /home2/zadkcom2/public_html/zadk2019/wp-content/uploads/2019/01/what-112x35.png to zip
Adding /home2/zadkcom2/public_html/zadk2019/wp-content/uploads/2019/01/ourgoals1-150x150.jpg to zip
Adding /home2/zadkcom2/public_html/zadk2019/wp-content/uploads/2019/01/ourgoals1-285x300.jpg to zip
Adding /home2/zadkcom2/public_html/zadk2019/wp-content/uploads/2019/01/mjm-1.jpg to zip
Adding /home2/zadkcom2/public_html/zadk2019/wp-content/uploads/2019/01/ourgoals1.jpg to zip
Adding /home2/zadkcom2/public_html/zadk2019/wp-content/uploads/2019/01/newvision-1024x518.jpg to zip
Adding /home2/zadkcom2/public_html/zadk2019/wp-content/uploads/2019/01/ourgoals-150x150.jpg to zip
Adding /home2/zadkcom2/public_html/zadk2019/wp-content/uploads/2019/01/vision-mission-112x57.jpg to zip
Adding /home2/zadkcom2/public_html/zadk2019/wp-content/uploads/2019/01/Partners-and-Sponsors1-150x150.jpg to zip
Adding /home2/zadkcom2/public_html/zadk2019/wp-content/uploads/2019/01/mjm-1-63x63.jpg to zip
Adding /home2/zadkcom2/public_html/zadk2019/wp-content/uploads/2019/01/how.png to zip
Adding /home2/zadkcom2/public_html/zadk2019/wp-content/uploads/2019/01/Partners-and-Sponsors-768x1000.jpg to zip
Adding /home2/zadkcom2/public_html/zadk2019/wp-content/uploads/2019/01/Partners-and-Sponsors-48x63.jpg to zip
